<?xml version="1.0" encoding="UTF-8"?>
<testsuite name="Tests" tests="1" skipped="0" failures="0" errors="0" timestamp="2020-10-26T20:48:33" hostname="DESKTOP-9CFBFI1" time="1.238">
  <properties/>
  <testcase name="start" classname="Tests" time="1.238"/>
  <system-out><![CDATA[?[1;31m
Start test 1?[0m
Player 1, place your ships on the game field
  1 2 3 4 5 6 7 8 9 10 
a ~ ~ ~ ~ ~ ~ ~ ~ ~ ~ 
b ~ ~ ~ ~ ~ ~ ~ ~ ~ ~ 
c ~ ~ ~ ~ ~ ~ ~ ~ ~ ~ 
d ~ ~ ~ ~ ~ ~ ~ ~ ~ ~ 
e ~ ~ ~ ~ ~ ~ ~ ~ ~ ~ 
f ~ ~ ~ ~ ~ ~ ~ ~ ~ ~ 
g ~ ~ ~ ~ ~ ~ ~ ~ ~ ~ 
h ~ ~ ~ ~ ~ ~ ~ ~ ~ ~ 
i ~ ~ ~ ~ ~ ~ ~ ~ ~ ~ 
j ~ ~ ~ ~ ~ ~ ~ ~ ~ ~ 
Enter the coordinates of the Aircraft Carrier (5 cells):
> F3 F7
  1 2 3 4 5 6 7 8 9 10 
a ~ ~ ~ ~ ~ ~ ~ ~ ~ ~ 
b ~ ~ ~ ~ ~ ~ ~ ~ ~ ~ 
c ~ ~ ~ ~ ~ ~ ~ ~ ~ ~ 
d ~ ~ ~ ~ ~ ~ ~ ~ ~ ~ 
e ~ ~ ~ ~ ~ ~ ~ ~ ~ ~ 
f ~ ~ O O O O O ~ ~ ~ 
g ~ ~ ~ ~ ~ ~ ~ ~ ~ ~ 
h ~ ~ ~ ~ ~ ~ ~ ~ ~ ~ 
i ~ ~ ~ ~ ~ ~ ~ ~ ~ ~ 
j ~ ~ ~ ~ ~ ~ ~ ~ ~ ~ 
Enter the coordinates of the Battleship (4 cells):
> A1 D1
  1 2 3 4 5 6 7 8 9 10 
a O ~ ~ ~ ~ ~ ~ ~ ~ ~ 
b O ~ ~ ~ ~ ~ ~ ~ ~ ~ 
c O ~ ~ ~ ~ ~ ~ ~ ~ ~ 
d O ~ ~ ~ ~ ~ ~ ~ ~ ~ 
e ~ ~ ~ ~ ~ ~ ~ ~ ~ ~ 
f ~ ~ O O O O O ~ ~ ~ 
g ~ ~ ~ ~ ~ ~ ~ ~ ~ ~ 
h ~ ~ ~ ~ ~ ~ ~ ~ ~ ~ 
i ~ ~ ~ ~ ~ ~ ~ ~ ~ ~ 
j ~ ~ ~ ~ ~ ~ ~ ~ ~ ~ 
Enter the coordinates of the Submarine (3 cells):
> J7 J10
Error: The size was incorrect, should be 3 cells 
Enter the coordinates of the Submarine (3 cells):
> J10 J8
  1 2 3 4 5 6 7 8 9 10 
a O ~ ~ ~ ~ ~ ~ ~ ~ ~ 
b O ~ ~ ~ ~ ~ ~ ~ ~ ~ 
c O ~ ~ ~ ~ ~ ~ ~ ~ ~ 
d O ~ ~ ~ ~ ~ ~ ~ ~ ~ 
e ~ ~ ~ ~ ~ ~ ~ ~ ~ ~ 
f ~ ~ O O O O O ~ ~ ~ 
g ~ ~ ~ ~ ~ ~ ~ ~ ~ ~ 
h ~ ~ ~ ~ ~ ~ ~ ~ ~ ~ 
i ~ ~ ~ ~ ~ ~ ~ ~ ~ ~ 
j ~ ~ ~ ~ ~ ~ ~ O O O 
Enter the coordinates of the Cruiser (3 cells):
> B9 D8
Error: The size was incorrect, should be 3 cells 
Enter the coordinates of the Cruiser (3 cells):
> B9 D9
  1 2 3 4 5 6 7 8 9 10 
a O ~ ~ ~ ~ ~ ~ ~ ~ ~ 
b O ~ ~ ~ ~ ~ ~ ~ O ~ 
c O ~ ~ ~ ~ ~ ~ ~ O ~ 
d O ~ ~ ~ ~ ~ ~ ~ O ~ 
e ~ ~ ~ ~ ~ ~ ~ ~ ~ ~ 
f ~ ~ O O O O O ~ ~ ~ 
g ~ ~ ~ ~ ~ ~ ~ ~ ~ ~ 
h ~ ~ ~ ~ ~ ~ ~ ~ ~ ~ 
i ~ ~ ~ ~ ~ ~ ~ ~ ~ ~ 
j ~ ~ ~ ~ ~ ~ ~ O O O 
Enter the coordinates of the Destroyer (2 cells):
> E6 D6
Error: The input overlaps with another ship
Enter the coordinates of the Destroyer (2 cells):
> I2 J2
  1 2 3 4 5 6 7 8 9 10 
a O ~ ~ ~ ~ ~ ~ ~ ~ ~ 
b O ~ ~ ~ ~ ~ ~ ~ O ~ 
c O ~ ~ ~ ~ ~ ~ ~ O ~ 
d O ~ ~ ~ ~ ~ ~ ~ O ~ 
e ~ ~ ~ ~ ~ ~ ~ ~ ~ ~ 
f ~ ~ O O O O O ~ ~ ~ 
g ~ ~ ~ ~ ~ ~ ~ ~ ~ ~ 
h ~ ~ ~ ~ ~ ~ ~ ~ ~ ~ 
i ~ O ~ ~ ~ ~ ~ ~ ~ ~ 
j ~ O ~ ~ ~ ~ ~ O O O 
Press Enter and pass the move to another player

> 
Player 2, place your ships on the game field
  1 2 3 4 5 6 7 8 9 10 
a ~ ~ ~ ~ ~ ~ ~ ~ ~ ~ 
b ~ ~ ~ ~ ~ ~ ~ ~ ~ ~ 
c ~ ~ ~ ~ ~ ~ ~ ~ ~ ~ 
d ~ ~ ~ ~ ~ ~ ~ ~ ~ ~ 
e ~ ~ ~ ~ ~ ~ ~ ~ ~ ~ 
f ~ ~ ~ ~ ~ ~ ~ ~ ~ ~ 
g ~ ~ ~ ~ ~ ~ ~ ~ ~ ~ 
h ~ ~ ~ ~ ~ ~ ~ ~ ~ ~ 
i ~ ~ ~ ~ ~ ~ ~ ~ ~ ~ 
j ~ ~ ~ ~ ~ ~ ~ ~ ~ ~ 
Enter the coordinates of the Aircraft Carrier (5 cells):
> H2 H6
  1 2 3 4 5 6 7 8 9 10 
a ~ ~ ~ ~ ~ ~ ~ ~ ~ ~ 
b ~ ~ ~ ~ ~ ~ ~ ~ ~ ~ 
c ~ ~ ~ ~ ~ ~ ~ ~ ~ ~ 
d ~ ~ ~ ~ ~ ~ ~ ~ ~ ~ 
e ~ ~ ~ ~ ~ ~ ~ ~ ~ ~ 
f ~ ~ ~ ~ ~ ~ ~ ~ ~ ~ 
g ~ ~ ~ ~ ~ ~ ~ ~ ~ ~ 
h ~ O O O O O ~ ~ ~ ~ 
i ~ ~ ~ ~ ~ ~ ~ ~ ~ ~ 
j ~ ~ ~ ~ ~ ~ ~ ~ ~ ~ 
Enter the coordinates of the Battleship (4 cells):
> F3 F6
  1 2 3 4 5 6 7 8 9 10 
a ~ ~ ~ ~ ~ ~ ~ ~ ~ ~ 
b ~ ~ ~ ~ ~ ~ ~ ~ ~ ~ 
c ~ ~ ~ ~ ~ ~ ~ ~ ~ ~ 
d ~ ~ ~ ~ ~ ~ ~ ~ ~ ~ 
e ~ ~ ~ ~ ~ ~ ~ ~ ~ ~ 
f ~ ~ O O O O ~ ~ ~ ~ 
g ~ ~ ~ ~ ~ ~ ~ ~ ~ ~ 
h ~ O O O O O ~ ~ ~ ~ 
i ~ ~ ~ ~ ~ ~ ~ ~ ~ ~ 
j ~ ~ ~ ~ ~ ~ ~ ~ ~ ~ 
Enter the coordinates of the Submarine (3 cells):
> H8 F8
  1 2 3 4 5 6 7 8 9 10 
a ~ ~ ~ ~ ~ ~ ~ ~ ~ ~ 
b ~ ~ ~ ~ ~ ~ ~ ~ ~ ~ 
c ~ ~ ~ ~ ~ ~ ~ ~ ~ ~ 
d ~ ~ ~ ~ ~ ~ ~ ~ ~ ~ 
e ~ ~ ~ ~ ~ ~ ~ ~ ~ ~ 
f ~ ~ O O O O ~ O ~ ~ 
g ~ ~ ~ ~ ~ ~ ~ O ~ ~ 
h ~ O O O O O ~ O ~ ~ 
i ~ ~ ~ ~ ~ ~ ~ ~ ~ ~ 
j ~ ~ ~ ~ ~ ~ ~ ~ ~ ~ 
Enter the coordinates of the Cruiser (3 cells):
> D4 D6
  1 2 3 4 5 6 7 8 9 10 
a ~ ~ ~ ~ ~ ~ ~ ~ ~ ~ 
b ~ ~ ~ ~ ~ ~ ~ ~ ~ ~ 
c ~ ~ ~ ~ ~ ~ ~ ~ ~ ~ 
d ~ ~ ~ O O O ~ ~ ~ ~ 
e ~ ~ ~ ~ ~ ~ ~ ~ ~ ~ 
f ~ ~ O O O O ~ O ~ ~ 
g ~ ~ ~ ~ ~ ~ ~ O ~ ~ 
h ~ O O O O O ~ O ~ ~ 
i ~ ~ ~ ~ ~ ~ ~ ~ ~ ~ 
j ~ ~ ~ ~ ~ ~ ~ ~ ~ ~ 
Enter the coordinates of the Destroyer (2 cells):
> D8 C8
  1 2 3 4 5 6 7 8 9 10 
a ~ ~ ~ ~ ~ ~ ~ ~ ~ ~ 
b ~ ~ ~ ~ ~ ~ ~ ~ ~ ~ 
c ~ ~ ~ ~ ~ ~ ~ O ~ ~ 
d ~ ~ ~ O O O ~ O ~ ~ 
e ~ ~ ~ ~ ~ ~ ~ ~ ~ ~ 
f ~ ~ O O O O ~ O ~ ~ 
g ~ ~ ~ ~ ~ ~ ~ O ~ ~ 
h ~ O O O O O ~ O ~ ~ 
i ~ ~ ~ ~ ~ ~ ~ ~ ~ ~ 
j ~ ~ ~ ~ ~ ~ ~ ~ ~ ~ 
The game starts!
  1 2 3 4 5 6 7 8 9 10 
a ~ ~ ~ ~ ~ ~ ~ ~ ~ ~ 
b ~ ~ ~ ~ ~ ~ ~ ~ ~ ~ 
c ~ ~ ~ ~ ~ ~ ~ ~ ~ ~ 
d ~ ~ ~ ~ ~ ~ ~ ~ ~ ~ 
e ~ ~ ~ ~ ~ ~ ~ ~ ~ ~ 
f ~ ~ ~ ~ ~ ~ ~ ~ ~ ~ 
g ~ ~ ~ ~ ~ ~ ~ ~ ~ ~ 
h ~ ~ ~ ~ ~ ~ ~ ~ ~ ~ 
i ~ ~ ~ ~ ~ ~ ~ ~ ~ ~ 
j ~ ~ ~ ~ ~ ~ ~ ~ ~ ~ 
Press Enter and pass the move to another player

> 
  1 2 3 4 5 6 7 8 9 10 
a ~ ~ ~ ~ ~ ~ ~ ~ ~ ~ 
b ~ ~ ~ ~ ~ ~ ~ ~ ~ ~ 
c ~ ~ ~ ~ ~ ~ ~ ~ ~ ~ 
d ~ ~ ~ ~ ~ ~ ~ ~ ~ ~ 
e ~ ~ ~ ~ ~ ~ ~ ~ ~ ~ 
f ~ ~ ~ ~ ~ ~ ~ ~ ~ ~ 
g ~ ~ ~ ~ ~ ~ ~ ~ ~ ~ 
h ~ ~ ~ ~ ~ ~ ~ ~ ~ ~ 
i ~ ~ ~ ~ ~ ~ ~ ~ ~ ~ 
j ~ ~ ~ ~ ~ ~ ~ ~ ~ ~ 
---------------------
  1 2 3 4 5 6 7 8 9 10 
a O ~ ~ ~ ~ ~ ~ ~ ~ ~ 
b O ~ ~ ~ ~ ~ ~ ~ O ~ 
c O ~ ~ ~ ~ ~ ~ ~ O ~ 
d O ~ ~ ~ ~ ~ ~ ~ O ~ 
e ~ ~ ~ ~ ~ ~ ~ ~ ~ ~ 
f ~ ~ O O O O O ~ ~ ~ 
g ~ ~ ~ ~ ~ ~ ~ ~ ~ ~ 
h ~ ~ ~ ~ ~ ~ ~ ~ ~ ~ 
i ~ O ~ ~ ~ ~ ~ ~ ~ ~ 
j ~ O ~ ~ ~ ~ ~ O O O 
Player 1, it's your turn: 
Take a shot!
> I3
You missed!
  1 2 3 4 5 6 7 8 9 10 
a ~ ~ ~ ~ ~ ~ ~ ~ ~ ~ 
b ~ ~ ~ ~ ~ ~ ~ ~ ~ ~ 
c ~ ~ ~ ~ ~ ~ ~ ~ ~ ~ 
d ~ ~ ~ ~ ~ ~ ~ ~ ~ ~ 
e ~ ~ ~ ~ ~ ~ ~ ~ ~ ~ 
f ~ ~ ~ ~ ~ ~ ~ ~ ~ ~ 
g ~ ~ ~ ~ ~ ~ ~ ~ ~ ~ 
h ~ ~ ~ ~ ~ ~ ~ ~ ~ ~ 
i ~ ~ M ~ ~ ~ ~ ~ ~ ~ 
j ~ ~ ~ ~ ~ ~ ~ ~ ~ ~ 
Press Enter and pass the move to another player

> 
  1 2 3 4 5 6 7 8 9 10 
a ~ ~ ~ ~ ~ ~ ~ ~ ~ ~ 
b ~ ~ ~ ~ ~ ~ ~ ~ ~ ~ 
c ~ ~ ~ ~ ~ ~ ~ ~ ~ ~ 
d ~ ~ ~ ~ ~ ~ ~ ~ ~ ~ 
e ~ ~ ~ ~ ~ ~ ~ ~ ~ ~ 
f ~ ~ ~ ~ ~ ~ ~ ~ ~ ~ 
g ~ ~ ~ ~ ~ ~ ~ ~ ~ ~ 
h ~ ~ ~ ~ ~ ~ ~ ~ ~ ~ 
i ~ ~ ~ ~ ~ ~ ~ ~ ~ ~ 
j ~ ~ ~ ~ ~ ~ ~ ~ ~ ~ 
---------------------
  1 2 3 4 5 6 7 8 9 10 
a ~ ~ ~ ~ ~ ~ ~ ~ ~ ~ 
b ~ ~ ~ ~ ~ ~ ~ ~ ~ ~ 
c ~ ~ ~ ~ ~ ~ ~ O ~ ~ 
d ~ ~ ~ O O O ~ O ~ ~ 
e ~ ~ ~ ~ ~ ~ ~ ~ ~ ~ 
f ~ ~ O O O O ~ O ~ ~ 
g ~ ~ ~ ~ ~ ~ ~ O ~ ~ 
h ~ O O O O O ~ O ~ ~ 
i ~ ~ M ~ ~ ~ ~ ~ ~ ~ 
j ~ ~ ~ ~ ~ ~ ~ ~ ~ ~ 
Player 2, it's your turn: 
Take a shot!
> C9
You hit a ship!
  1 2 3 4 5 6 7 8 9 10 
a ~ ~ ~ ~ ~ ~ ~ ~ ~ ~ 
b ~ ~ ~ ~ ~ ~ ~ ~ ~ ~ 
c ~ ~ ~ ~ ~ ~ ~ ~ X ~ 
d ~ ~ ~ ~ ~ ~ ~ ~ ~ ~ 
e ~ ~ ~ ~ ~ ~ ~ ~ ~ ~ 
f ~ ~ ~ ~ ~ ~ ~ ~ ~ ~ 
g ~ ~ ~ ~ ~ ~ ~ ~ ~ ~ 
h ~ ~ ~ ~ ~ ~ ~ ~ ~ ~ 
i ~ ~ ~ ~ ~ ~ ~ ~ ~ ~ 
j ~ ~ ~ ~ ~ ~ ~ ~ ~ ~ 
Press Enter and pass the move to another player

> 
  1 2 3 4 5 6 7 8 9 10 
a ~ ~ ~ ~ ~ ~ ~ ~ ~ ~ 
b ~ ~ ~ ~ ~ ~ ~ ~ ~ ~ 
c ~ ~ ~ ~ ~ ~ ~ ~ ~ ~ 
d ~ ~ ~ ~ ~ ~ ~ ~ ~ ~ 
e ~ ~ ~ ~ ~ ~ ~ ~ ~ ~ 
f ~ ~ ~ ~ ~ ~ ~ ~ ~ ~ 
g ~ ~ ~ ~ ~ ~ ~ ~ ~ ~ 
h ~ ~ ~ ~ ~ ~ ~ ~ ~ ~ 
i ~ ~ M ~ ~ ~ ~ ~ ~ ~ 
j ~ ~ ~ ~ ~ ~ ~ ~ ~ ~ 
---------------------
  1 2 3 4 5 6 7 8 9 10 
a O ~ ~ ~ ~ ~ ~ ~ ~ ~ 
b O ~ ~ ~ ~ ~ ~ ~ O ~ 
c O ~ ~ ~ ~ ~ ~ ~ X ~ 
d O ~ ~ ~ ~ ~ ~ ~ O ~ 
e ~ ~ ~ ~ ~ ~ ~ ~ ~ ~ 
f ~ ~ O O O O O ~ ~ ~ 
g ~ ~ ~ ~ ~ ~ ~ ~ ~ ~ 
h ~ ~ ~ ~ ~ ~ ~ ~ ~ ~ 
i ~ O ~ ~ ~ ~ ~ ~ ~ ~ 
j ~ O ~ ~ ~ ~ ~ O O O 
Player 1, it's your turn: 
Take a shot!
> D4
You hit a ship!
  1 2 3 4 5 6 7 8 9 10 
a ~ ~ ~ ~ ~ ~ ~ ~ ~ ~ 
b ~ ~ ~ ~ ~ ~ ~ ~ ~ ~ 
c ~ ~ ~ ~ ~ ~ ~ ~ ~ ~ 
d ~ ~ ~ X ~ ~ ~ ~ ~ ~ 
e ~ ~ ~ ~ ~ ~ ~ ~ ~ ~ 
f ~ ~ ~ ~ ~ ~ ~ ~ ~ ~ 
g ~ ~ ~ ~ ~ ~ ~ ~ ~ ~ 
h ~ ~ ~ ~ ~ ~ ~ ~ ~ ~ 
i ~ ~ M ~ ~ ~ ~ ~ ~ ~ 
j ~ ~ ~ ~ ~ ~ ~ ~ ~ ~ 
Press Enter and pass the move to another player

> 
  1 2 3 4 5 6 7 8 9 10 
a ~ ~ ~ ~ ~ ~ ~ ~ ~ ~ 
b ~ ~ ~ ~ ~ ~ ~ ~ ~ ~ 
c ~ ~ ~ ~ ~ ~ ~ ~ X ~ 
d ~ ~ ~ ~ ~ ~ ~ ~ ~ ~ 
e ~ ~ ~ ~ ~ ~ ~ ~ ~ ~ 
f ~ ~ ~ ~ ~ ~ ~ ~ ~ ~ 
g ~ ~ ~ ~ ~ ~ ~ ~ ~ ~ 
h ~ ~ ~ ~ ~ ~ ~ ~ ~ ~ 
i ~ ~ ~ ~ ~ ~ ~ ~ ~ ~ 
j ~ ~ ~ ~ ~ ~ ~ ~ ~ ~ 
---------------------
  1 2 3 4 5 6 7 8 9 10 
a ~ ~ ~ ~ ~ ~ ~ ~ ~ ~ 
b ~ ~ ~ ~ ~ ~ ~ ~ ~ ~ 
c ~ ~ ~ ~ ~ ~ ~ O ~ ~ 
d ~ ~ ~ X O O ~ O ~ ~ 
e ~ ~ ~ ~ ~ ~ ~ ~ ~ ~ 
f ~ ~ O O O O ~ O ~ ~ 
g ~ ~ ~ ~ ~ ~ ~ O ~ ~ 
h ~ O O O O O ~ O ~ ~ 
i ~ ~ M ~ ~ ~ ~ ~ ~ ~ 
j ~ ~ ~ ~ ~ ~ ~ ~ ~ ~ 
Player 2, it's your turn: 
Take a shot!
> A1
You hit a ship!
  1 2 3 4 5 6 7 8 9 10 
a X ~ ~ ~ ~ ~ ~ ~ ~ ~ 
b ~ ~ ~ ~ ~ ~ ~ ~ ~ ~ 
c ~ ~ ~ ~ ~ ~ ~ ~ X ~ 
d ~ ~ ~ ~ ~ ~ ~ ~ ~ ~ 
e ~ ~ ~ ~ ~ ~ ~ ~ ~ ~ 
f ~ ~ ~ ~ ~ ~ ~ ~ ~ ~ 
g ~ ~ ~ ~ ~ ~ ~ ~ ~ ~ 
h ~ ~ ~ ~ ~ ~ ~ ~ ~ ~ 
i ~ ~ ~ ~ ~ ~ ~ ~ ~ ~ 
j ~ ~ ~ ~ ~ ~ ~ ~ ~ ~ 
Press Enter and pass the move to another player

> 
  1 2 3 4 5 6 7 8 9 10 
a ~ ~ ~ ~ ~ ~ ~ ~ ~ ~ 
b ~ ~ ~ ~ ~ ~ ~ ~ ~ ~ 
c ~ ~ ~ ~ ~ ~ ~ ~ ~ ~ 
d ~ ~ ~ X ~ ~ ~ ~ ~ ~ 
e ~ ~ ~ ~ ~ ~ ~ ~ ~ ~ 
f ~ ~ ~ ~ ~ ~ ~ ~ ~ ~ 
g ~ ~ ~ ~ ~ ~ ~ ~ ~ ~ 
h ~ ~ ~ ~ ~ ~ ~ ~ ~ ~ 
i ~ ~ M ~ ~ ~ ~ ~ ~ ~ 
j ~ ~ ~ ~ ~ ~ ~ ~ ~ ~ 
---------------------
  1 2 3 4 5 6 7 8 9 10 
a X ~ ~ ~ ~ ~ ~ ~ ~ ~ 
b O ~ ~ ~ ~ ~ ~ ~ O ~ 
c O ~ ~ ~ ~ ~ ~ ~ X ~ 
d O ~ ~ ~ ~ ~ ~ ~ O ~ 
e ~ ~ ~ ~ ~ ~ ~ ~ ~ ~ 
f ~ ~ O O O O O ~ ~ ~ 
g ~ ~ ~ ~ ~ ~ ~ ~ ~ ~ 
h ~ ~ ~ ~ ~ ~ ~ ~ ~ ~ 
i ~ O ~ ~ ~ ~ ~ ~ ~ ~ 
j ~ O ~ ~ ~ ~ ~ O O O 
Player 1, it's your turn: 
Take a shot!
> D5
You hit a ship!
  1 2 3 4 5 6 7 8 9 10 
a ~ ~ ~ ~ ~ ~ ~ ~ ~ ~ 
b ~ ~ ~ ~ ~ ~ ~ ~ ~ ~ 
c ~ ~ ~ ~ ~ ~ ~ ~ ~ ~ 
d ~ ~ ~ X X ~ ~ ~ ~ ~ 
e ~ ~ ~ ~ ~ ~ ~ ~ ~ ~ 
f ~ ~ ~ ~ ~ ~ ~ ~ ~ ~ 
g ~ ~ ~ ~ ~ ~ ~ ~ ~ ~ 
h ~ ~ ~ ~ ~ ~ ~ ~ ~ ~ 
i ~ ~ M ~ ~ ~ ~ ~ ~ ~ 
j ~ ~ ~ ~ ~ ~ ~ ~ ~ ~ 
Press Enter and pass the move to another player

> 
  1 2 3 4 5 6 7 8 9 10 
a X ~ ~ ~ ~ ~ ~ ~ ~ ~ 
b ~ ~ ~ ~ ~ ~ ~ ~ ~ ~ 
c ~ ~ ~ ~ ~ ~ ~ ~ X ~ 
d ~ ~ ~ ~ ~ ~ ~ ~ ~ ~ 
e ~ ~ ~ ~ ~ ~ ~ ~ ~ ~ 
f ~ ~ ~ ~ ~ ~ ~ ~ ~ ~ 
g ~ ~ ~ ~ ~ ~ ~ ~ ~ ~ 
h ~ ~ ~ ~ ~ ~ ~ ~ ~ ~ 
i ~ ~ ~ ~ ~ ~ ~ ~ ~ ~ 
j ~ ~ ~ ~ ~ ~ ~ ~ ~ ~ 
---------------------
  1 2 3 4 5 6 7 8 9 10 
a ~ ~ ~ ~ ~ ~ ~ ~ ~ ~ 
b ~ ~ ~ ~ ~ ~ ~ ~ ~ ~ 
c ~ ~ ~ ~ ~ ~ ~ O ~ ~ 
d ~ ~ ~ X X O ~ O ~ ~ 
e ~ ~ ~ ~ ~ ~ ~ ~ ~ ~ 
f ~ ~ O O O O ~ O ~ ~ 
g ~ ~ ~ ~ ~ ~ ~ O ~ ~ 
h ~ O O O O O ~ O ~ ~ 
i ~ ~ M ~ ~ ~ ~ ~ ~ ~ 
j ~ ~ ~ ~ ~ ~ ~ ~ ~ ~ 
Player 2, it's your turn: 
Take a shot!
> B1
You hit a ship!
  1 2 3 4 5 6 7 8 9 10 
a X ~ ~ ~ ~ ~ ~ ~ ~ ~ 
b X ~ ~ ~ ~ ~ ~ ~ ~ ~ 
c ~ ~ ~ ~ ~ ~ ~ ~ X ~ 
d ~ ~ ~ ~ ~ ~ ~ ~ ~ ~ 
e ~ ~ ~ ~ ~ ~ ~ ~ ~ ~ 
f ~ ~ ~ ~ ~ ~ ~ ~ ~ ~ 
g ~ ~ ~ ~ ~ ~ ~ ~ ~ ~ 
h ~ ~ ~ ~ ~ ~ ~ ~ ~ ~ 
i ~ ~ ~ ~ ~ ~ ~ ~ ~ ~ 
j ~ ~ ~ ~ ~ ~ ~ ~ ~ ~ 
Press Enter and pass the move to another player

> 
  1 2 3 4 5 6 7 8 9 10 
a ~ ~ ~ ~ ~ ~ ~ ~ ~ ~ 
b ~ ~ ~ ~ ~ ~ ~ ~ ~ ~ 
c ~ ~ ~ ~ ~ ~ ~ ~ ~ ~ 
d ~ ~ ~ X X ~ ~ ~ ~ ~ 
e ~ ~ ~ ~ ~ ~ ~ ~ ~ ~ 
f ~ ~ ~ ~ ~ ~ ~ ~ ~ ~ 
g ~ ~ ~ ~ ~ ~ ~ ~ ~ ~ 
h ~ ~ ~ ~ ~ ~ ~ ~ ~ ~ 
i ~ ~ M ~ ~ ~ ~ ~ ~ ~ 
j ~ ~ ~ ~ ~ ~ ~ ~ ~ ~ 
---------------------
  1 2 3 4 5 6 7 8 9 10 
a X ~ ~ ~ ~ ~ ~ ~ ~ ~ 
b X ~ ~ ~ ~ ~ ~ ~ O ~ 
c O ~ ~ ~ ~ ~ ~ ~ X ~ 
d O ~ ~ ~ ~ ~ ~ ~ O ~ 
e ~ ~ ~ ~ ~ ~ ~ ~ ~ ~ 
f ~ ~ O O O O O ~ ~ ~ 
g ~ ~ ~ ~ ~ ~ ~ ~ ~ ~ 
h ~ ~ ~ ~ ~ ~ ~ ~ ~ ~ 
i ~ O ~ ~ ~ ~ ~ ~ ~ ~ 
j ~ O ~ ~ ~ ~ ~ O O O 
Player 1, it's your turn: 
Take a shot!
> D6
You sank a ship! Specify a new target:
  1 2 3 4 5 6 7 8 9 10 
a ~ ~ ~ ~ ~ ~ ~ ~ ~ ~ 
b ~ ~ ~ ~ ~ ~ ~ ~ ~ ~ 
c ~ ~ ~ ~ ~ ~ ~ ~ ~ ~ 
d ~ ~ ~ X X X ~ ~ ~ ~ 
e ~ ~ ~ ~ ~ ~ ~ ~ ~ ~ 
f ~ ~ ~ ~ ~ ~ ~ ~ ~ ~ 
g ~ ~ ~ ~ ~ ~ ~ ~ ~ ~ 
h ~ ~ ~ ~ ~ ~ ~ ~ ~ ~ 
i ~ ~ M ~ ~ ~ ~ ~ ~ ~ 
j ~ ~ ~ ~ ~ ~ ~ ~ ~ ~ 
Press Enter and pass the move to another player

> 
  1 2 3 4 5 6 7 8 9 10 
a X ~ ~ ~ ~ ~ ~ ~ ~ ~ 
b X ~ ~ ~ ~ ~ ~ ~ ~ ~ 
c ~ ~ ~ ~ ~ ~ ~ ~ X ~ 
d ~ ~ ~ ~ ~ ~ ~ ~ ~ ~ 
e ~ ~ ~ ~ ~ ~ ~ ~ ~ ~ 
f ~ ~ ~ ~ ~ ~ ~ ~ ~ ~ 
g ~ ~ ~ ~ ~ ~ ~ ~ ~ ~ 
h ~ ~ ~ ~ ~ ~ ~ ~ ~ ~ 
i ~ ~ ~ ~ ~ ~ ~ ~ ~ ~ 
j ~ ~ ~ ~ ~ ~ ~ ~ ~ ~ 
---------------------
  1 2 3 4 5 6 7 8 9 10 
a ~ ~ ~ ~ ~ ~ ~ ~ ~ ~ 
b ~ ~ ~ ~ ~ ~ ~ ~ ~ ~ 
c ~ ~ ~ ~ ~ ~ ~ O ~ ~ 
d ~ ~ ~ X X X ~ O ~ ~ 
e ~ ~ ~ ~ ~ ~ ~ ~ ~ ~ 
f ~ ~ O O O O ~ O ~ ~ 
g ~ ~ ~ ~ ~ ~ ~ O ~ ~ 
h ~ O O O O O ~ O ~ ~ 
i ~ ~ M ~ ~ ~ ~ ~ ~ ~ 
j ~ ~ ~ ~ ~ ~ ~ ~ ~ ~ 
Player 2, it's your turn: 
Take a shot!
> C1
You hit a ship!
  1 2 3 4 5 6 7 8 9 10 
a X ~ ~ ~ ~ ~ ~ ~ ~ ~ 
b X ~ ~ ~ ~ ~ ~ ~ ~ ~ 
c X ~ ~ ~ ~ ~ ~ ~ X ~ 
d ~ ~ ~ ~ ~ ~ ~ ~ ~ ~ 
e ~ ~ ~ ~ ~ ~ ~ ~ ~ ~ 
f ~ ~ ~ ~ ~ ~ ~ ~ ~ ~ 
g ~ ~ ~ ~ ~ ~ ~ ~ ~ ~ 
h ~ ~ ~ ~ ~ ~ ~ ~ ~ ~ 
i ~ ~ ~ ~ ~ ~ ~ ~ ~ ~ 
j ~ ~ ~ ~ ~ ~ ~ ~ ~ ~ 
Press Enter and pass the move to another player

> 
  1 2 3 4 5 6 7 8 9 10 
a ~ ~ ~ ~ ~ ~ ~ ~ ~ ~ 
b ~ ~ ~ ~ ~ ~ ~ ~ ~ ~ 
c ~ ~ ~ ~ ~ ~ ~ ~ ~ ~ 
d ~ ~ ~ X X X ~ ~ ~ ~ 
e ~ ~ ~ ~ ~ ~ ~ ~ ~ ~ 
f ~ ~ ~ ~ ~ ~ ~ ~ ~ ~ 
g ~ ~ ~ ~ ~ ~ ~ ~ ~ ~ 
h ~ ~ ~ ~ ~ ~ ~ ~ ~ ~ 
i ~ ~ M ~ ~ ~ ~ ~ ~ ~ 
j ~ ~ ~ ~ ~ ~ ~ ~ ~ ~ 
---------------------
  1 2 3 4 5 6 7 8 9 10 
a X ~ ~ ~ ~ ~ ~ ~ ~ ~ 
b X ~ ~ ~ ~ ~ ~ ~ O ~ 
c X ~ ~ ~ ~ ~ ~ ~ X ~ 
d O ~ ~ ~ ~ ~ ~ ~ O ~ 
e ~ ~ ~ ~ ~ ~ ~ ~ ~ ~ 
f ~ ~ O O O O O ~ ~ ~ 
g ~ ~ ~ ~ ~ ~ ~ ~ ~ ~ 
h ~ ~ ~ ~ ~ ~ ~ ~ ~ ~ 
i ~ O ~ ~ ~ ~ ~ ~ ~ ~ 
j ~ O ~ ~ ~ ~ ~ O O O 
Player 1, it's your turn: 
Take a shot!
> C8
You hit a ship!
  1 2 3 4 5 6 7 8 9 10 
a ~ ~ ~ ~ ~ ~ ~ ~ ~ ~ 
b ~ ~ ~ ~ ~ ~ ~ ~ ~ ~ 
c ~ ~ ~ ~ ~ ~ ~ X ~ ~ 
d ~ ~ ~ X X X ~ ~ ~ ~ 
e ~ ~ ~ ~ ~ ~ ~ ~ ~ ~ 
f ~ ~ ~ ~ ~ ~ ~ ~ ~ ~ 
g ~ ~ ~ ~ ~ ~ ~ ~ ~ ~ 
h ~ ~ ~ ~ ~ ~ ~ ~ ~ ~ 
i ~ ~ M ~ ~ ~ ~ ~ ~ ~ 
j ~ ~ ~ ~ ~ ~ ~ ~ ~ ~ 
Press Enter and pass the move to another player

> 
  1 2 3 4 5 6 7 8 9 10 
a X ~ ~ ~ ~ ~ ~ ~ ~ ~ 
b X ~ ~ ~ ~ ~ ~ ~ ~ ~ 
c X ~ ~ ~ ~ ~ ~ ~ X ~ 
d ~ ~ ~ ~ ~ ~ ~ ~ ~ ~ 
e ~ ~ ~ ~ ~ ~ ~ ~ ~ ~ 
f ~ ~ ~ ~ ~ ~ ~ ~ ~ ~ 
g ~ ~ ~ ~ ~ ~ ~ ~ ~ ~ 
h ~ ~ ~ ~ ~ ~ ~ ~ ~ ~ 
i ~ ~ ~ ~ ~ ~ ~ ~ ~ ~ 
j ~ ~ ~ ~ ~ ~ ~ ~ ~ ~ 
---------------------
  1 2 3 4 5 6 7 8 9 10 
a ~ ~ ~ ~ ~ ~ ~ ~ ~ ~ 
b ~ ~ ~ ~ ~ ~ ~ ~ ~ ~ 
c ~ ~ ~ ~ ~ ~ ~ X ~ ~ 
d ~ ~ ~ X X X ~ O ~ ~ 
e ~ ~ ~ ~ ~ ~ ~ ~ ~ ~ 
f ~ ~ O O O O ~ O ~ ~ 
g ~ ~ ~ ~ ~ ~ ~ O ~ ~ 
h ~ O O O O O ~ O ~ ~ 
i ~ ~ M ~ ~ ~ ~ ~ ~ ~ 
j ~ ~ ~ ~ ~ ~ ~ ~ ~ ~ 
Player 2, it's your turn: 
Take a shot!
> D1
You sank a ship! Specify a new target:
  1 2 3 4 5 6 7 8 9 10 
a X ~ ~ ~ ~ ~ ~ ~ ~ ~ 
b X ~ ~ ~ ~ ~ ~ ~ ~ ~ 
c X ~ ~ ~ ~ ~ ~ ~ X ~ 
d X ~ ~ ~ ~ ~ ~ ~ ~ ~ 
e ~ ~ ~ ~ ~ ~ ~ ~ ~ ~ 
f ~ ~ ~ ~ ~ ~ ~ ~ ~ ~ 
g ~ ~ ~ ~ ~ ~ ~ ~ ~ ~ 
h ~ ~ ~ ~ ~ ~ ~ ~ ~ ~ 
i ~ ~ ~ ~ ~ ~ ~ ~ ~ ~ 
j ~ ~ ~ ~ ~ ~ ~ ~ ~ ~ 
Press Enter and pass the move to another player

> 
  1 2 3 4 5 6 7 8 9 10 
a ~ ~ ~ ~ ~ ~ ~ ~ ~ ~ 
b ~ ~ ~ ~ ~ ~ ~ ~ ~ ~ 
c ~ ~ ~ ~ ~ ~ ~ X ~ ~ 
d ~ ~ ~ X X X ~ ~ ~ ~ 
e ~ ~ ~ ~ ~ ~ ~ ~ ~ ~ 
f ~ ~ ~ ~ ~ ~ ~ ~ ~ ~ 
g ~ ~ ~ ~ ~ ~ ~ ~ ~ ~ 
h ~ ~ ~ ~ ~ ~ ~ ~ ~ ~ 
i ~ ~ M ~ ~ ~ ~ ~ ~ ~ 
j ~ ~ ~ ~ ~ ~ ~ ~ ~ ~ 
---------------------
  1 2 3 4 5 6 7 8 9 10 
a X ~ ~ ~ ~ ~ ~ ~ ~ ~ 
b X ~ ~ ~ ~ ~ ~ ~ O ~ 
c X ~ ~ ~ ~ ~ ~ ~ X ~ 
d X ~ ~ ~ ~ ~ ~ ~ O ~ 
e ~ ~ ~ ~ ~ ~ ~ ~ ~ ~ 
f ~ ~ O O O O O ~ ~ ~ 
g ~ ~ ~ ~ ~ ~ ~ ~ ~ ~ 
h ~ ~ ~ ~ ~ ~ ~ ~ ~ ~ 
i ~ O ~ ~ ~ ~ ~ ~ ~ ~ 
j ~ O ~ ~ ~ ~ ~ O O O 
Player 1, it's your turn: 
Take a shot!
> D8
You sank a ship! Specify a new target:
  1 2 3 4 5 6 7 8 9 10 
a ~ ~ ~ ~ ~ ~ ~ ~ ~ ~ 
b ~ ~ ~ ~ ~ ~ ~ ~ ~ ~ 
c ~ ~ ~ ~ ~ ~ ~ X ~ ~ 
d ~ ~ ~ X X X ~ X ~ ~ 
e ~ ~ ~ ~ ~ ~ ~ ~ ~ ~ 
f ~ ~ ~ ~ ~ ~ ~ ~ ~ ~ 
g ~ ~ ~ ~ ~ ~ ~ ~ ~ ~ 
h ~ ~ ~ ~ ~ ~ ~ ~ ~ ~ 
i ~ ~ M ~ ~ ~ ~ ~ ~ ~ 
j ~ ~ ~ ~ ~ ~ ~ ~ ~ ~ 
Press Enter and pass the move to another player

> 
  1 2 3 4 5 6 7 8 9 10 
a X ~ ~ ~ ~ ~ ~ ~ ~ ~ 
b X ~ ~ ~ ~ ~ ~ ~ ~ ~ 
c X ~ ~ ~ ~ ~ ~ ~ X ~ 
d X ~ ~ ~ ~ ~ ~ ~ ~ ~ 
e ~ ~ ~ ~ ~ ~ ~ ~ ~ ~ 
f ~ ~ ~ ~ ~ ~ ~ ~ ~ ~ 
g ~ ~ ~ ~ ~ ~ ~ ~ ~ ~ 
h ~ ~ ~ ~ ~ ~ ~ ~ ~ ~ 
i ~ ~ ~ ~ ~ ~ ~ ~ ~ ~ 
j ~ ~ ~ ~ ~ ~ ~ ~ ~ ~ 
---------------------
  1 2 3 4 5 6 7 8 9 10 
a ~ ~ ~ ~ ~ ~ ~ ~ ~ ~ 
b ~ ~ ~ ~ ~ ~ ~ ~ ~ ~ 
c ~ ~ ~ ~ ~ ~ ~ X ~ ~ 
d ~ ~ ~ X X X ~ X ~ ~ 
e ~ ~ ~ ~ ~ ~ ~ ~ ~ ~ 
f ~ ~ O O O O ~ O ~ ~ 
g ~ ~ ~ ~ ~ ~ ~ O ~ ~ 
h ~ O O O O O ~ O ~ ~ 
i ~ ~ M ~ ~ ~ ~ ~ ~ ~ 
j ~ ~ ~ ~ ~ ~ ~ ~ ~ ~ 
Player 2, it's your turn: 
Take a shot!
> B9
You hit a ship!
  1 2 3 4 5 6 7 8 9 10 
a X ~ ~ ~ ~ ~ ~ ~ ~ ~ 
b X ~ ~ ~ ~ ~ ~ ~ X ~ 
c X ~ ~ ~ ~ ~ ~ ~ X ~ 
d X ~ ~ ~ ~ ~ ~ ~ ~ ~ 
e ~ ~ ~ ~ ~ ~ ~ ~ ~ ~ 
f ~ ~ ~ ~ ~ ~ ~ ~ ~ ~ 
g ~ ~ ~ ~ ~ ~ ~ ~ ~ ~ 
h ~ ~ ~ ~ ~ ~ ~ ~ ~ ~ 
i ~ ~ ~ ~ ~ ~ ~ ~ ~ ~ 
j ~ ~ ~ ~ ~ ~ ~ ~ ~ ~ 
Press Enter and pass the move to another player

> 
  1 2 3 4 5 6 7 8 9 10 
a ~ ~ ~ ~ ~ ~ ~ ~ ~ ~ 
b ~ ~ ~ ~ ~ ~ ~ ~ ~ ~ 
c ~ ~ ~ ~ ~ ~ ~ X ~ ~ 
d ~ ~ ~ X X X ~ X ~ ~ 
e ~ ~ ~ ~ ~ ~ ~ ~ ~ ~ 
f ~ ~ ~ ~ ~ ~ ~ ~ ~ ~ 
g ~ ~ ~ ~ ~ ~ ~ ~ ~ ~ 
h ~ ~ ~ ~ ~ ~ ~ ~ ~ ~ 
i ~ ~ M ~ ~ ~ ~ ~ ~ ~ 
j ~ ~ ~ ~ ~ ~ ~ ~ ~ ~ 
---------------------
  1 2 3 4 5 6 7 8 9 10 
a X ~ ~ ~ ~ ~ ~ ~ ~ ~ 
b X ~ ~ ~ ~ ~ ~ ~ X ~ 
c X ~ ~ ~ ~ ~ ~ ~ X ~ 
d X ~ ~ ~ ~ ~ ~ ~ O ~ 
e ~ ~ ~ ~ ~ ~ ~ ~ ~ ~ 
f ~ ~ O O O O O ~ ~ ~ 
g ~ ~ ~ ~ ~ ~ ~ ~ ~ ~ 
h ~ ~ ~ ~ ~ ~ ~ ~ ~ ~ 
i ~ O ~ ~ ~ ~ ~ ~ ~ ~ 
j ~ O ~ ~ ~ ~ ~ O O O 
Player 1, it's your turn: 
Take a shot!
> F3
You hit a ship!
  1 2 3 4 5 6 7 8 9 10 
a ~ ~ ~ ~ ~ ~ ~ ~ ~ ~ 
b ~ ~ ~ ~ ~ ~ ~ ~ ~ ~ 
c ~ ~ ~ ~ ~ ~ ~ X ~ ~ 
d ~ ~ ~ X X X ~ X ~ ~ 
e ~ ~ ~ ~ ~ ~ ~ ~ ~ ~ 
f ~ ~ X ~ ~ ~ ~ ~ ~ ~ 
g ~ ~ ~ ~ ~ ~ ~ ~ ~ ~ 
h ~ ~ ~ ~ ~ ~ ~ ~ ~ ~ 
i ~ ~ M ~ ~ ~ ~ ~ ~ ~ 
j ~ ~ ~ ~ ~ ~ ~ ~ ~ ~ 
Press Enter and pass the move to another player

> 
  1 2 3 4 5 6 7 8 9 10 
a X ~ ~ ~ ~ ~ ~ ~ ~ ~ 
b X ~ ~ ~ ~ ~ ~ ~ X ~ 
c X ~ ~ ~ ~ ~ ~ ~ X ~ 
d X ~ ~ ~ ~ ~ ~ ~ ~ ~ 
e ~ ~ ~ ~ ~ ~ ~ ~ ~ ~ 
f ~ ~ ~ ~ ~ ~ ~ ~ ~ ~ 
g ~ ~ ~ ~ ~ ~ ~ ~ ~ ~ 
h ~ ~ ~ ~ ~ ~ ~ ~ ~ ~ 
i ~ ~ ~ ~ ~ ~ ~ ~ ~ ~ 
j ~ ~ ~ ~ ~ ~ ~ ~ ~ ~ 
---------------------
  1 2 3 4 5 6 7 8 9 10 
a ~ ~ ~ ~ ~ ~ ~ ~ ~ ~ 
b ~ ~ ~ ~ ~ ~ ~ ~ ~ ~ 
c ~ ~ ~ ~ ~ ~ ~ X ~ ~ 
d ~ ~ ~ X X X ~ X ~ ~ 
e ~ ~ ~ ~ ~ ~ ~ ~ ~ ~ 
f ~ ~ X O O O ~ O ~ ~ 
g ~ ~ ~ ~ ~ ~ ~ O ~ ~ 
h ~ O O O O O ~ O ~ ~ 
i ~ ~ M ~ ~ ~ ~ ~ ~ ~ 
j ~ ~ ~ ~ ~ ~ ~ ~ ~ ~ 
Player 2, it's your turn: 
Take a shot!
> C9
Error: you already fired at that exact same coordinate once before
  1 2 3 4 5 6 7 8 9 10 
a X ~ ~ ~ ~ ~ ~ ~ ~ ~ 
b X ~ ~ ~ ~ ~ ~ ~ X ~ 
c X ~ ~ ~ ~ ~ ~ ~ X ~ 
d X ~ ~ ~ ~ ~ ~ ~ ~ ~ 
e ~ ~ ~ ~ ~ ~ ~ ~ ~ ~ 
f ~ ~ ~ ~ ~ ~ ~ ~ ~ ~ 
g ~ ~ ~ ~ ~ ~ ~ ~ ~ ~ 
h ~ ~ ~ ~ ~ ~ ~ ~ ~ ~ 
i ~ ~ ~ ~ ~ ~ ~ ~ ~ ~ 
j ~ ~ ~ ~ ~ ~ ~ ~ ~ ~ 
Press Enter and pass the move to another player

> 
  1 2 3 4 5 6 7 8 9 10 
a ~ ~ ~ ~ ~ ~ ~ ~ ~ ~ 
b ~ ~ ~ ~ ~ ~ ~ ~ ~ ~ 
c ~ ~ ~ ~ ~ ~ ~ X ~ ~ 
d ~ ~ ~ X X X ~ X ~ ~ 
e ~ ~ ~ ~ ~ ~ ~ ~ ~ ~ 
f ~ ~ X ~ ~ ~ ~ ~ ~ ~ 
g ~ ~ ~ ~ ~ ~ ~ ~ ~ ~ 
h ~ ~ ~ ~ ~ ~ ~ ~ ~ ~ 
i ~ ~ M ~ ~ ~ ~ ~ ~ ~ 
j ~ ~ ~ ~ ~ ~ ~ ~ ~ ~ 
---------------------
  1 2 3 4 5 6 7 8 9 10 
a X ~ ~ ~ ~ ~ ~ ~ ~ ~ 
b X ~ ~ ~ ~ ~ ~ ~ X ~ 
c X ~ ~ ~ ~ ~ ~ ~ X ~ 
d X ~ ~ ~ ~ ~ ~ ~ O ~ 
e ~ ~ ~ ~ ~ ~ ~ ~ ~ ~ 
f ~ ~ O O O O O ~ ~ ~ 
g ~ ~ ~ ~ ~ ~ ~ ~ ~ ~ 
h ~ ~ ~ ~ ~ ~ ~ ~ ~ ~ 
i ~ O ~ ~ ~ ~ ~ ~ ~ ~ 
j ~ O ~ ~ ~ ~ ~ O O O 
Player 1, it's your turn: 
Take a shot!
> F4
You hit a ship!
  1 2 3 4 5 6 7 8 9 10 
a ~ ~ ~ ~ ~ ~ ~ ~ ~ ~ 
b ~ ~ ~ ~ ~ ~ ~ ~ ~ ~ 
c ~ ~ ~ ~ ~ ~ ~ X ~ ~ 
d ~ ~ ~ X X X ~ X ~ ~ 
e ~ ~ ~ ~ ~ ~ ~ ~ ~ ~ 
f ~ ~ X X ~ ~ ~ ~ ~ ~ 
g ~ ~ ~ ~ ~ ~ ~ ~ ~ ~ 
h ~ ~ ~ ~ ~ ~ ~ ~ ~ ~ 
i ~ ~ M ~ ~ ~ ~ ~ ~ ~ 
j ~ ~ ~ ~ ~ ~ ~ ~ ~ ~ 
Press Enter and pass the move to another player

> 
  1 2 3 4 5 6 7 8 9 10 
a X ~ ~ ~ ~ ~ ~ ~ ~ ~ 
b X ~ ~ ~ ~ ~ ~ ~ X ~ 
c X ~ ~ ~ ~ ~ ~ ~ X ~ 
d X ~ ~ ~ ~ ~ ~ ~ ~ ~ 
e ~ ~ ~ ~ ~ ~ ~ ~ ~ ~ 
f ~ ~ ~ ~ ~ ~ ~ ~ ~ ~ 
g ~ ~ ~ ~ ~ ~ ~ ~ ~ ~ 
h ~ ~ ~ ~ ~ ~ ~ ~ ~ ~ 
i ~ ~ ~ ~ ~ ~ ~ ~ ~ ~ 
j ~ ~ ~ ~ ~ ~ ~ ~ ~ ~ 
---------------------
  1 2 3 4 5 6 7 8 9 10 
a ~ ~ ~ ~ ~ ~ ~ ~ ~ ~ 
b ~ ~ ~ ~ ~ ~ ~ ~ ~ ~ 
c ~ ~ ~ ~ ~ ~ ~ X ~ ~ 
d ~ ~ ~ X X X ~ X ~ ~ 
e ~ ~ ~ ~ ~ ~ ~ ~ ~ ~ 
f ~ ~ X X O O ~ O ~ ~ 
g ~ ~ ~ ~ ~ ~ ~ O ~ ~ 
h ~ O O O O O ~ O ~ ~ 
i ~ ~ M ~ ~ ~ ~ ~ ~ ~ 
j ~ ~ ~ ~ ~ ~ ~ ~ ~ ~ 
Player 2, it's your turn: 
Take a shot!
> D9
You sank a ship! Specify a new target:
  1 2 3 4 5 6 7 8 9 10 
a X ~ ~ ~ ~ ~ ~ ~ ~ ~ 
b X ~ ~ ~ ~ ~ ~ ~ X ~ 
c X ~ ~ ~ ~ ~ ~ ~ X ~ 
d X ~ ~ ~ ~ ~ ~ ~ X ~ 
e ~ ~ ~ ~ ~ ~ ~ ~ ~ ~ 
f ~ ~ ~ ~ ~ ~ ~ ~ ~ ~ 
g ~ ~ ~ ~ ~ ~ ~ ~ ~ ~ 
h ~ ~ ~ ~ ~ ~ ~ ~ ~ ~ 
i ~ ~ ~ ~ ~ ~ ~ ~ ~ ~ 
j ~ ~ ~ ~ ~ ~ ~ ~ ~ ~ 
Press Enter and pass the move to another player

> 
  1 2 3 4 5 6 7 8 9 10 
a ~ ~ ~ ~ ~ ~ ~ ~ ~ ~ 
b ~ ~ ~ ~ ~ ~ ~ ~ ~ ~ 
c ~ ~ ~ ~ ~ ~ ~ X ~ ~ 
d ~ ~ ~ X X X ~ X ~ ~ 
e ~ ~ ~ ~ ~ ~ ~ ~ ~ ~ 
f ~ ~ X X ~ ~ ~ ~ ~ ~ 
g ~ ~ ~ ~ ~ ~ ~ ~ ~ ~ 
h ~ ~ ~ ~ ~ ~ ~ ~ ~ ~ 
i ~ ~ M ~ ~ ~ ~ ~ ~ ~ 
j ~ ~ ~ ~ ~ ~ ~ ~ ~ ~ 
---------------------
  1 2 3 4 5 6 7 8 9 10 
a X ~ ~ ~ ~ ~ ~ ~ ~ ~ 
b X ~ ~ ~ ~ ~ ~ ~ X ~ 
c X ~ ~ ~ ~ ~ ~ ~ X ~ 
d X ~ ~ ~ ~ ~ ~ ~ X ~ 
e ~ ~ ~ ~ ~ ~ ~ ~ ~ ~ 
f ~ ~ O O O O O ~ ~ ~ 
g ~ ~ ~ ~ ~ ~ ~ ~ ~ ~ 
h ~ ~ ~ ~ ~ ~ ~ ~ ~ ~ 
i ~ O ~ ~ ~ ~ ~ ~ ~ ~ 
j ~ O ~ ~ ~ ~ ~ O O O 
Player 1, it's your turn: 
Take a shot!
> F5
You hit a ship!
  1 2 3 4 5 6 7 8 9 10 
a ~ ~ ~ ~ ~ ~ ~ ~ ~ ~ 
b ~ ~ ~ ~ ~ ~ ~ ~ ~ ~ 
c ~ ~ ~ ~ ~ ~ ~ X ~ ~ 
d ~ ~ ~ X X X ~ X ~ ~ 
e ~ ~ ~ ~ ~ ~ ~ ~ ~ ~ 
f ~ ~ X X X ~ ~ ~ ~ ~ 
g ~ ~ ~ ~ ~ ~ ~ ~ ~ ~ 
h ~ ~ ~ ~ ~ ~ ~ ~ ~ ~ 
i ~ ~ M ~ ~ ~ ~ ~ ~ ~ 
j ~ ~ ~ ~ ~ ~ ~ ~ ~ ~ 
Press Enter and pass the move to another player

> 
  1 2 3 4 5 6 7 8 9 10 
a X ~ ~ ~ ~ ~ ~ ~ ~ ~ 
b X ~ ~ ~ ~ ~ ~ ~ X ~ 
c X ~ ~ ~ ~ ~ ~ ~ X ~ 
d X ~ ~ ~ ~ ~ ~ ~ X ~ 
e ~ ~ ~ ~ ~ ~ ~ ~ ~ ~ 
f ~ ~ ~ ~ ~ ~ ~ ~ ~ ~ 
g ~ ~ ~ ~ ~ ~ ~ ~ ~ ~ 
h ~ ~ ~ ~ ~ ~ ~ ~ ~ ~ 
i ~ ~ ~ ~ ~ ~ ~ ~ ~ ~ 
j ~ ~ ~ ~ ~ ~ ~ ~ ~ ~ 
---------------------
  1 2 3 4 5 6 7 8 9 10 
a ~ ~ ~ ~ ~ ~ ~ ~ ~ ~ 
b ~ ~ ~ ~ ~ ~ ~ ~ ~ ~ 
c ~ ~ ~ ~ ~ ~ ~ X ~ ~ 
d ~ ~ ~ X X X ~ X ~ ~ 
e ~ ~ ~ ~ ~ ~ ~ ~ ~ ~ 
f ~ ~ X X X O ~ O ~ ~ 
g ~ ~ ~ ~ ~ ~ ~ O ~ ~ 
h ~ O O O O O ~ O ~ ~ 
i ~ ~ M ~ ~ ~ ~ ~ ~ ~ 
j ~ ~ ~ ~ ~ ~ ~ ~ ~ ~ 
Player 2, it's your turn: 
Take a shot!
> F3
You hit a ship!
  1 2 3 4 5 6 7 8 9 10 
a X ~ ~ ~ ~ ~ ~ ~ ~ ~ 
b X ~ ~ ~ ~ ~ ~ ~ X ~ 
c X ~ ~ ~ ~ ~ ~ ~ X ~ 
d X ~ ~ ~ ~ ~ ~ ~ X ~ 
e ~ ~ ~ ~ ~ ~ ~ ~ ~ ~ 
f ~ ~ X ~ ~ ~ ~ ~ ~ ~ 
g ~ ~ ~ ~ ~ ~ ~ ~ ~ ~ 
h ~ ~ ~ ~ ~ ~ ~ ~ ~ ~ 
i ~ ~ ~ ~ ~ ~ ~ ~ ~ ~ 
j ~ ~ ~ ~ ~ ~ ~ ~ ~ ~ 
Press Enter and pass the move to another player

> 
  1 2 3 4 5 6 7 8 9 10 
a ~ ~ ~ ~ ~ ~ ~ ~ ~ ~ 
b ~ ~ ~ ~ ~ ~ ~ ~ ~ ~ 
c ~ ~ ~ ~ ~ ~ ~ X ~ ~ 
d ~ ~ ~ X X X ~ X ~ ~ 
e ~ ~ ~ ~ ~ ~ ~ ~ ~ ~ 
f ~ ~ X X X ~ ~ ~ ~ ~ 
g ~ ~ ~ ~ ~ ~ ~ ~ ~ ~ 
h ~ ~ ~ ~ ~ ~ ~ ~ ~ ~ 
i ~ ~ M ~ ~ ~ ~ ~ ~ ~ 
j ~ ~ ~ ~ ~ ~ ~ ~ ~ ~ 
---------------------
  1 2 3 4 5 6 7 8 9 10 
a X ~ ~ ~ ~ ~ ~ ~ ~ ~ 
b X ~ ~ ~ ~ ~ ~ ~ X ~ 
c X ~ ~ ~ ~ ~ ~ ~ X ~ 
d X ~ ~ ~ ~ ~ ~ ~ X ~ 
e ~ ~ ~ ~ ~ ~ ~ ~ ~ ~ 
f ~ ~ X O O O O ~ ~ ~ 
g ~ ~ ~ ~ ~ ~ ~ ~ ~ ~ 
h ~ ~ ~ ~ ~ ~ ~ ~ ~ ~ 
i ~ O ~ ~ ~ ~ ~ ~ ~ ~ 
j ~ O ~ ~ ~ ~ ~ O O O 
Player 1, it's your turn: 
Take a shot!
> F6
You sank a ship! Specify a new target:
  1 2 3 4 5 6 7 8 9 10 
a ~ ~ ~ ~ ~ ~ ~ ~ ~ ~ 
b ~ ~ ~ ~ ~ ~ ~ ~ ~ ~ 
c ~ ~ ~ ~ ~ ~ ~ X ~ ~ 
d ~ ~ ~ X X X ~ X ~ ~ 
e ~ ~ ~ ~ ~ ~ ~ ~ ~ ~ 
f ~ ~ X X X X ~ ~ ~ ~ 
g ~ ~ ~ ~ ~ ~ ~ ~ ~ ~ 
h ~ ~ ~ ~ ~ ~ ~ ~ ~ ~ 
i ~ ~ M ~ ~ ~ ~ ~ ~ ~ 
j ~ ~ ~ ~ ~ ~ ~ ~ ~ ~ 
Press Enter and pass the move to another player

> 
  1 2 3 4 5 6 7 8 9 10 
a X ~ ~ ~ ~ ~ ~ ~ ~ ~ 
b X ~ ~ ~ ~ ~ ~ ~ X ~ 
c X ~ ~ ~ ~ ~ ~ ~ X ~ 
d X ~ ~ ~ ~ ~ ~ ~ X ~ 
e ~ ~ ~ ~ ~ ~ ~ ~ ~ ~ 
f ~ ~ X ~ ~ ~ ~ ~ ~ ~ 
g ~ ~ ~ ~ ~ ~ ~ ~ ~ ~ 
h ~ ~ ~ ~ ~ ~ ~ ~ ~ ~ 
i ~ ~ ~ ~ ~ ~ ~ ~ ~ ~ 
j ~ ~ ~ ~ ~ ~ ~ ~ ~ ~ 
---------------------
  1 2 3 4 5 6 7 8 9 10 
a ~ ~ ~ ~ ~ ~ ~ ~ ~ ~ 
b ~ ~ ~ ~ ~ ~ ~ ~ ~ ~ 
c ~ ~ ~ ~ ~ ~ ~ X ~ ~ 
d ~ ~ ~ X X X ~ X ~ ~ 
e ~ ~ ~ ~ ~ ~ ~ ~ ~ ~ 
f ~ ~ X X X X ~ O ~ ~ 
g ~ ~ ~ ~ ~ ~ ~ O ~ ~ 
h ~ O O O O O ~ O ~ ~ 
i ~ ~ M ~ ~ ~ ~ ~ ~ ~ 
j ~ ~ ~ ~ ~ ~ ~ ~ ~ ~ 
Player 2, it's your turn: 
Take a shot!
> F4
You hit a ship!
  1 2 3 4 5 6 7 8 9 10 
a X ~ ~ ~ ~ ~ ~ ~ ~ ~ 
b X ~ ~ ~ ~ ~ ~ ~ X ~ 
c X ~ ~ ~ ~ ~ ~ ~ X ~ 
d X ~ ~ ~ ~ ~ ~ ~ X ~ 
e ~ ~ ~ ~ ~ ~ ~ ~ ~ ~ 
f ~ ~ X X ~ ~ ~ ~ ~ ~ 
g ~ ~ ~ ~ ~ ~ ~ ~ ~ ~ 
h ~ ~ ~ ~ ~ ~ ~ ~ ~ ~ 
i ~ ~ ~ ~ ~ ~ ~ ~ ~ ~ 
j ~ ~ ~ ~ ~ ~ ~ ~ ~ ~ 
Press Enter and pass the move to another player

> 
  1 2 3 4 5 6 7 8 9 10 
a ~ ~ ~ ~ ~ ~ ~ ~ ~ ~ 
b ~ ~ ~ ~ ~ ~ ~ ~ ~ ~ 
c ~ ~ ~ ~ ~ ~ ~ X ~ ~ 
d ~ ~ ~ X X X ~ X ~ ~ 
e ~ ~ ~ ~ ~ ~ ~ ~ ~ ~ 
f ~ ~ X X X X ~ ~ ~ ~ 
g ~ ~ ~ ~ ~ ~ ~ ~ ~ ~ 
h ~ ~ ~ ~ ~ ~ ~ ~ ~ ~ 
i ~ ~ M ~ ~ ~ ~ ~ ~ ~ 
j ~ ~ ~ ~ ~ ~ ~ ~ ~ ~ 
---------------------
  1 2 3 4 5 6 7 8 9 10 
a X ~ ~ ~ ~ ~ ~ ~ ~ ~ 
b X ~ ~ ~ ~ ~ ~ ~ X ~ 
c X ~ ~ ~ ~ ~ ~ ~ X ~ 
d X ~ ~ ~ ~ ~ ~ ~ X ~ 
e ~ ~ ~ ~ ~ ~ ~ ~ ~ ~ 
f ~ ~ X X O O O ~ ~ ~ 
g ~ ~ ~ ~ ~ ~ ~ ~ ~ ~ 
h ~ ~ ~ ~ ~ ~ ~ ~ ~ ~ 
i ~ O ~ ~ ~ ~ ~ ~ ~ ~ 
j ~ O ~ ~ ~ ~ ~ O O O 
Player 1, it's your turn: 
Take a shot!
> F7
You missed!
  1 2 3 4 5 6 7 8 9 10 
a ~ ~ ~ ~ ~ ~ ~ ~ ~ ~ 
b ~ ~ ~ ~ ~ ~ ~ ~ ~ ~ 
c ~ ~ ~ ~ ~ ~ ~ X ~ ~ 
d ~ ~ ~ X X X ~ X ~ ~ 
e ~ ~ ~ ~ ~ ~ ~ ~ ~ ~ 
f ~ ~ X X X X M ~ ~ ~ 
g ~ ~ ~ ~ ~ ~ ~ ~ ~ ~ 
h ~ ~ ~ ~ ~ ~ ~ ~ ~ ~ 
i ~ ~ M ~ ~ ~ ~ ~ ~ ~ 
j ~ ~ ~ ~ ~ ~ ~ ~ ~ ~ 
Press Enter and pass the move to another player

> 
  1 2 3 4 5 6 7 8 9 10 
a X ~ ~ ~ ~ ~ ~ ~ ~ ~ 
b X ~ ~ ~ ~ ~ ~ ~ X ~ 
c X ~ ~ ~ ~ ~ ~ ~ X ~ 
d X ~ ~ ~ ~ ~ ~ ~ X ~ 
e ~ ~ ~ ~ ~ ~ ~ ~ ~ ~ 
f ~ ~ X X ~ ~ ~ ~ ~ ~ 
g ~ ~ ~ ~ ~ ~ ~ ~ ~ ~ 
h ~ ~ ~ ~ ~ ~ ~ ~ ~ ~ 
i ~ ~ ~ ~ ~ ~ ~ ~ ~ ~ 
j ~ ~ ~ ~ ~ ~ ~ ~ ~ ~ 
---------------------
  1 2 3 4 5 6 7 8 9 10 
a ~ ~ ~ ~ ~ ~ ~ ~ ~ ~ 
b ~ ~ ~ ~ ~ ~ ~ ~ ~ ~ 
c ~ ~ ~ ~ ~ ~ ~ X ~ ~ 
d ~ ~ ~ X X X ~ X ~ ~ 
e ~ ~ ~ ~ ~ ~ ~ ~ ~ ~ 
f ~ ~ X X X X M O ~ ~ 
g ~ ~ ~ ~ ~ ~ ~ O ~ ~ 
h ~ O O O O O ~ O ~ ~ 
i ~ ~ M ~ ~ ~ ~ ~ ~ ~ 
j ~ ~ ~ ~ ~ ~ ~ ~ ~ ~ 
Player 2, it's your turn: 
Take a shot!
> F5
You hit a ship!
  1 2 3 4 5 6 7 8 9 10 
a X ~ ~ ~ ~ ~ ~ ~ ~ ~ 
b X ~ ~ ~ ~ ~ ~ ~ X ~ 
c X ~ ~ ~ ~ ~ ~ ~ X ~ 
d X ~ ~ ~ ~ ~ ~ ~ X ~ 
e ~ ~ ~ ~ ~ ~ ~ ~ ~ ~ 
f ~ ~ X X X ~ ~ ~ ~ ~ 
g ~ ~ ~ ~ ~ ~ ~ ~ ~ ~ 
h ~ ~ ~ ~ ~ ~ ~ ~ ~ ~ 
i ~ ~ ~ ~ ~ ~ ~ ~ ~ ~ 
j ~ ~ ~ ~ ~ ~ ~ ~ ~ ~ 
Press Enter and pass the move to another player

> 
  1 2 3 4 5 6 7 8 9 10 
a ~ ~ ~ ~ ~ ~ ~ ~ ~ ~ 
b ~ ~ ~ ~ ~ ~ ~ ~ ~ ~ 
c ~ ~ ~ ~ ~ ~ ~ X ~ ~ 
d ~ ~ ~ X X X ~ X ~ ~ 
e ~ ~ ~ ~ ~ ~ ~ ~ ~ ~ 
f ~ ~ X X X X M ~ ~ ~ 
g ~ ~ ~ ~ ~ ~ ~ ~ ~ ~ 
h ~ ~ ~ ~ ~ ~ ~ ~ ~ ~ 
i ~ ~ M ~ ~ ~ ~ ~ ~ ~ 
j ~ ~ ~ ~ ~ ~ ~ ~ ~ ~ 
---------------------
  1 2 3 4 5 6 7 8 9 10 
a X ~ ~ ~ ~ ~ ~ ~ ~ ~ 
b X ~ ~ ~ ~ ~ ~ ~ X ~ 
c X ~ ~ ~ ~ ~ ~ ~ X ~ 
d X ~ ~ ~ ~ ~ ~ ~ X ~ 
e ~ ~ ~ ~ ~ ~ ~ ~ ~ ~ 
f ~ ~ X X X O O ~ ~ ~ 
g ~ ~ ~ ~ ~ ~ ~ ~ ~ ~ 
h ~ ~ ~ ~ ~ ~ ~ ~ ~ ~ 
i ~ O ~ ~ ~ ~ ~ ~ ~ ~ 
j ~ O ~ ~ ~ ~ ~ O O O 
Player 1, it's your turn: 
Take a shot!
> D10
You missed!
  1 2 3 4 5 6 7 8 9 10 
a ~ ~ ~ ~ ~ ~ ~ ~ ~ ~ 
b ~ ~ ~ ~ ~ ~ ~ ~ ~ ~ 
c ~ ~ ~ ~ ~ ~ ~ X ~ ~ 
d ~ ~ ~ X X X ~ X ~ M 
e ~ ~ ~ ~ ~ ~ ~ ~ ~ ~ 
f ~ ~ X X X X M ~ ~ ~ 
g ~ ~ ~ ~ ~ ~ ~ ~ ~ ~ 
h ~ ~ ~ ~ ~ ~ ~ ~ ~ ~ 
i ~ ~ M ~ ~ ~ ~ ~ ~ ~ 
j ~ ~ ~ ~ ~ ~ ~ ~ ~ ~ 
Press Enter and pass the move to another player

> 
  1 2 3 4 5 6 7 8 9 10 
a X ~ ~ ~ ~ ~ ~ ~ ~ ~ 
b X ~ ~ ~ ~ ~ ~ ~ X ~ 
c X ~ ~ ~ ~ ~ ~ ~ X ~ 
d X ~ ~ ~ ~ ~ ~ ~ X ~ 
e ~ ~ ~ ~ ~ ~ ~ ~ ~ ~ 
f ~ ~ X X X ~ ~ ~ ~ ~ 
g ~ ~ ~ ~ ~ ~ ~ ~ ~ ~ 
h ~ ~ ~ ~ ~ ~ ~ ~ ~ ~ 
i ~ ~ ~ ~ ~ ~ ~ ~ ~ ~ 
j ~ ~ ~ ~ ~ ~ ~ ~ ~ ~ 
---------------------
  1 2 3 4 5 6 7 8 9 10 
a ~ ~ ~ ~ ~ ~ ~ ~ ~ ~ 
b ~ ~ ~ ~ ~ ~ ~ ~ ~ ~ 
c ~ ~ ~ ~ ~ ~ ~ X ~ ~ 
d ~ ~ ~ X X X ~ X ~ M 
e ~ ~ ~ ~ ~ ~ ~ ~ ~ ~ 
f ~ ~ X X X X M O ~ ~ 
g ~ ~ ~ ~ ~ ~ ~ O ~ ~ 
h ~ O O O O O ~ O ~ ~ 
i ~ ~ M ~ ~ ~ ~ ~ ~ ~ 
j ~ ~ ~ ~ ~ ~ ~ ~ ~ ~ 
Player 2, it's your turn: 
Take a shot!
> F6
You hit a ship!
  1 2 3 4 5 6 7 8 9 10 
a X ~ ~ ~ ~ ~ ~ ~ ~ ~ 
b X ~ ~ ~ ~ ~ ~ ~ X ~ 
c X ~ ~ ~ ~ ~ ~ ~ X ~ 
d X ~ ~ ~ ~ ~ ~ ~ X ~ 
e ~ ~ ~ ~ ~ ~ ~ ~ ~ ~ 
f ~ ~ X X X X ~ ~ ~ ~ 
g ~ ~ ~ ~ ~ ~ ~ ~ ~ ~ 
h ~ ~ ~ ~ ~ ~ ~ ~ ~ ~ 
i ~ ~ ~ ~ ~ ~ ~ ~ ~ ~ 
j ~ ~ ~ ~ ~ ~ ~ ~ ~ ~ 
Press Enter and pass the move to another player

> 
  1 2 3 4 5 6 7 8 9 10 
a ~ ~ ~ ~ ~ ~ ~ ~ ~ ~ 
b ~ ~ ~ ~ ~ ~ ~ ~ ~ ~ 
c ~ ~ ~ ~ ~ ~ ~ X ~ ~ 
d ~ ~ ~ X X X ~ X ~ M 
e ~ ~ ~ ~ ~ ~ ~ ~ ~ ~ 
f ~ ~ X X X X M ~ ~ ~ 
g ~ ~ ~ ~ ~ ~ ~ ~ ~ ~ 
h ~ ~ ~ ~ ~ ~ ~ ~ ~ ~ 
i ~ ~ M ~ ~ ~ ~ ~ ~ ~ 
j ~ ~ ~ ~ ~ ~ ~ ~ ~ ~ 
---------------------
  1 2 3 4 5 6 7 8 9 10 
a X ~ ~ ~ ~ ~ ~ ~ ~ ~ 
b X ~ ~ ~ ~ ~ ~ ~ X ~ 
c X ~ ~ ~ ~ ~ ~ ~ X ~ 
d X ~ ~ ~ ~ ~ ~ ~ X ~ 
e ~ ~ ~ ~ ~ ~ ~ ~ ~ ~ 
f ~ ~ X X X X O ~ ~ ~ 
g ~ ~ ~ ~ ~ ~ ~ ~ ~ ~ 
h ~ ~ ~ ~ ~ ~ ~ ~ ~ ~ 
i ~ O ~ ~ ~ ~ ~ ~ ~ ~ 
j ~ O ~ ~ ~ ~ ~ O O O 
Player 1, it's your turn: 
Take a shot!
> E10
You missed!
  1 2 3 4 5 6 7 8 9 10 
a ~ ~ ~ ~ ~ ~ ~ ~ ~ ~ 
b ~ ~ ~ ~ ~ ~ ~ ~ ~ ~ 
c ~ ~ ~ ~ ~ ~ ~ X ~ ~ 
d ~ ~ ~ X X X ~ X ~ M 
e ~ ~ ~ ~ ~ ~ ~ ~ ~ M 
f ~ ~ X X X X M ~ ~ ~ 
g ~ ~ ~ ~ ~ ~ ~ ~ ~ ~ 
h ~ ~ ~ ~ ~ ~ ~ ~ ~ ~ 
i ~ ~ M ~ ~ ~ ~ ~ ~ ~ 
j ~ ~ ~ ~ ~ ~ ~ ~ ~ ~ 
Press Enter and pass the move to another player

> 
  1 2 3 4 5 6 7 8 9 10 
a X ~ ~ ~ ~ ~ ~ ~ ~ ~ 
b X ~ ~ ~ ~ ~ ~ ~ X ~ 
c X ~ ~ ~ ~ ~ ~ ~ X ~ 
d X ~ ~ ~ ~ ~ ~ ~ X ~ 
e ~ ~ ~ ~ ~ ~ ~ ~ ~ ~ 
f ~ ~ X X X X ~ ~ ~ ~ 
g ~ ~ ~ ~ ~ ~ ~ ~ ~ ~ 
h ~ ~ ~ ~ ~ ~ ~ ~ ~ ~ 
i ~ ~ ~ ~ ~ ~ ~ ~ ~ ~ 
j ~ ~ ~ ~ ~ ~ ~ ~ ~ ~ 
---------------------
  1 2 3 4 5 6 7 8 9 10 
a ~ ~ ~ ~ ~ ~ ~ ~ ~ ~ 
b ~ ~ ~ ~ ~ ~ ~ ~ ~ ~ 
c ~ ~ ~ ~ ~ ~ ~ X ~ ~ 
d ~ ~ ~ X X X ~ X ~ M 
e ~ ~ ~ ~ ~ ~ ~ ~ ~ M 
f ~ ~ X X X X M O ~ ~ 
g ~ ~ ~ ~ ~ ~ ~ O ~ ~ 
h ~ O O O O O ~ O ~ ~ 
i ~ ~ M ~ ~ ~ ~ ~ ~ ~ 
j ~ ~ ~ ~ ~ ~ ~ ~ ~ ~ 
Player 2, it's your turn: 
Take a shot!
> F7
You sank a ship! Specify a new target:
  1 2 3 4 5 6 7 8 9 10 
a X ~ ~ ~ ~ ~ ~ ~ ~ ~ 
b X ~ ~ ~ ~ ~ ~ ~ X ~ 
c X ~ ~ ~ ~ ~ ~ ~ X ~ 
d X ~ ~ ~ ~ ~ ~ ~ X ~ 
e ~ ~ ~ ~ ~ ~ ~ ~ ~ ~ 
f ~ ~ X X X X X ~ ~ ~ 
g ~ ~ ~ ~ ~ ~ ~ ~ ~ ~ 
h ~ ~ ~ ~ ~ ~ ~ ~ ~ ~ 
i ~ ~ ~ ~ ~ ~ ~ ~ ~ ~ 
j ~ ~ ~ ~ ~ ~ ~ ~ ~ ~ 
Press Enter and pass the move to another player

> 
  1 2 3 4 5 6 7 8 9 10 
a ~ ~ ~ ~ ~ ~ ~ ~ ~ ~ 
b ~ ~ ~ ~ ~ ~ ~ ~ ~ ~ 
c ~ ~ ~ ~ ~ ~ ~ X ~ ~ 
d ~ ~ ~ X X X ~ X ~ M 
e ~ ~ ~ ~ ~ ~ ~ ~ ~ M 
f ~ ~ X X X X M ~ ~ ~ 
g ~ ~ ~ ~ ~ ~ ~ ~ ~ ~ 
h ~ ~ ~ ~ ~ ~ ~ ~ ~ ~ 
i ~ ~ M ~ ~ ~ ~ ~ ~ ~ 
j ~ ~ ~ ~ ~ ~ ~ ~ ~ ~ 
---------------------
  1 2 3 4 5 6 7 8 9 10 
a X ~ ~ ~ ~ ~ ~ ~ ~ ~ 
b X ~ ~ ~ ~ ~ ~ ~ X ~ 
c X ~ ~ ~ ~ ~ ~ ~ X ~ 
d X ~ ~ ~ ~ ~ ~ ~ X ~ 
e ~ ~ ~ ~ ~ ~ ~ ~ ~ ~ 
f ~ ~ X X X X X ~ ~ ~ 
g ~ ~ ~ ~ ~ ~ ~ ~ ~ ~ 
h ~ ~ ~ ~ ~ ~ ~ ~ ~ ~ 
i ~ O ~ ~ ~ ~ ~ ~ ~ ~ 
j ~ O ~ ~ ~ ~ ~ O O O 
Player 1, it's your turn: 
Take a shot!
> F10
You missed!
  1 2 3 4 5 6 7 8 9 10 
a ~ ~ ~ ~ ~ ~ ~ ~ ~ ~ 
b ~ ~ ~ ~ ~ ~ ~ ~ ~ ~ 
c ~ ~ ~ ~ ~ ~ ~ X ~ ~ 
d ~ ~ ~ X X X ~ X ~ M 
e ~ ~ ~ ~ ~ ~ ~ ~ ~ M 
f ~ ~ X X X X M ~ ~ M 
g ~ ~ ~ ~ ~ ~ ~ ~ ~ ~ 
h ~ ~ ~ ~ ~ ~ ~ ~ ~ ~ 
i ~ ~ M ~ ~ ~ ~ ~ ~ ~ 
j ~ ~ ~ ~ ~ ~ ~ ~ ~ ~ 
Press Enter and pass the move to another player

> 
  1 2 3 4 5 6 7 8 9 10 
a X ~ ~ ~ ~ ~ ~ ~ ~ ~ 
b X ~ ~ ~ ~ ~ ~ ~ X ~ 
c X ~ ~ ~ ~ ~ ~ ~ X ~ 
d X ~ ~ ~ ~ ~ ~ ~ X ~ 
e ~ ~ ~ ~ ~ ~ ~ ~ ~ ~ 
f ~ ~ X X X X X ~ ~ ~ 
g ~ ~ ~ ~ ~ ~ ~ ~ ~ ~ 
h ~ ~ ~ ~ ~ ~ ~ ~ ~ ~ 
i ~ ~ ~ ~ ~ ~ ~ ~ ~ ~ 
j ~ ~ ~ ~ ~ ~ ~ ~ ~ ~ 
---------------------
  1 2 3 4 5 6 7 8 9 10 
a ~ ~ ~ ~ ~ ~ ~ ~ ~ ~ 
b ~ ~ ~ ~ ~ ~ ~ ~ ~ ~ 
c ~ ~ ~ ~ ~ ~ ~ X ~ ~ 
d ~ ~ ~ X X X ~ X ~ M 
e ~ ~ ~ ~ ~ ~ ~ ~ ~ M 
f ~ ~ X X X X M O ~ M 
g ~ ~ ~ ~ ~ ~ ~ O ~ ~ 
h ~ O O O O O ~ O ~ ~ 
i ~ ~ M ~ ~ ~ ~ ~ ~ ~ 
j ~ ~ ~ ~ ~ ~ ~ ~ ~ ~ 
Player 2, it's your turn: 
Take a shot!
> I2
You hit a ship!
  1 2 3 4 5 6 7 8 9 10 
a X ~ ~ ~ ~ ~ ~ ~ ~ ~ 
b X ~ ~ ~ ~ ~ ~ ~ X ~ 
c X ~ ~ ~ ~ ~ ~ ~ X ~ 
d X ~ ~ ~ ~ ~ ~ ~ X ~ 
e ~ ~ ~ ~ ~ ~ ~ ~ ~ ~ 
f ~ ~ X X X X X ~ ~ ~ 
g ~ ~ ~ ~ ~ ~ ~ ~ ~ ~ 
h ~ ~ ~ ~ ~ ~ ~ ~ ~ ~ 
i ~ X ~ ~ ~ ~ ~ ~ ~ ~ 
j ~ ~ ~ ~ ~ ~ ~ ~ ~ ~ 
Press Enter and pass the move to another player

> 
  1 2 3 4 5 6 7 8 9 10 
a ~ ~ ~ ~ ~ ~ ~ ~ ~ ~ 
b ~ ~ ~ ~ ~ ~ ~ ~ ~ ~ 
c ~ ~ ~ ~ ~ ~ ~ X ~ ~ 
d ~ ~ ~ X X X ~ X ~ M 
e ~ ~ ~ ~ ~ ~ ~ ~ ~ M 
f ~ ~ X X X X M ~ ~ M 
g ~ ~ ~ ~ ~ ~ ~ ~ ~ ~ 
h ~ ~ ~ ~ ~ ~ ~ ~ ~ ~ 
i ~ ~ M ~ ~ ~ ~ ~ ~ ~ 
j ~ ~ ~ ~ ~ ~ ~ ~ ~ ~ 
---------------------
  1 2 3 4 5 6 7 8 9 10 
a X ~ ~ ~ ~ ~ ~ ~ ~ ~ 
b X ~ ~ ~ ~ ~ ~ ~ X ~ 
c X ~ ~ ~ ~ ~ ~ ~ X ~ 
d X ~ ~ ~ ~ ~ ~ ~ X ~ 
e ~ ~ ~ ~ ~ ~ ~ ~ ~ ~ 
f ~ ~ X X X X X ~ ~ ~ 
g ~ ~ ~ ~ ~ ~ ~ ~ ~ ~ 
h ~ ~ ~ ~ ~ ~ ~ ~ ~ ~ 
i ~ X ~ ~ ~ ~ ~ ~ ~ ~ 
j ~ O ~ ~ ~ ~ ~ O O O 
Player 1, it's your turn: 
Take a shot!
> G10
You missed!
  1 2 3 4 5 6 7 8 9 10 
a ~ ~ ~ ~ ~ ~ ~ ~ ~ ~ 
b ~ ~ ~ ~ ~ ~ ~ ~ ~ ~ 
c ~ ~ ~ ~ ~ ~ ~ X ~ ~ 
d ~ ~ ~ X X X ~ X ~ M 
e ~ ~ ~ ~ ~ ~ ~ ~ ~ M 
f ~ ~ X X X X M ~ ~ M 
g ~ ~ ~ ~ ~ ~ ~ ~ ~ M 
h ~ ~ ~ ~ ~ ~ ~ ~ ~ ~ 
i ~ ~ M ~ ~ ~ ~ ~ ~ ~ 
j ~ ~ ~ ~ ~ ~ ~ ~ ~ ~ 
Press Enter and pass the move to another player

> 
  1 2 3 4 5 6 7 8 9 10 
a X ~ ~ ~ ~ ~ ~ ~ ~ ~ 
b X ~ ~ ~ ~ ~ ~ ~ X ~ 
c X ~ ~ ~ ~ ~ ~ ~ X ~ 
d X ~ ~ ~ ~ ~ ~ ~ X ~ 
e ~ ~ ~ ~ ~ ~ ~ ~ ~ ~ 
f ~ ~ X X X X X ~ ~ ~ 
g ~ ~ ~ ~ ~ ~ ~ ~ ~ ~ 
h ~ ~ ~ ~ ~ ~ ~ ~ ~ ~ 
i ~ X ~ ~ ~ ~ ~ ~ ~ ~ 
j ~ ~ ~ ~ ~ ~ ~ ~ ~ ~ 
---------------------
  1 2 3 4 5 6 7 8 9 10 
a ~ ~ ~ ~ ~ ~ ~ ~ ~ ~ 
b ~ ~ ~ ~ ~ ~ ~ ~ ~ ~ 
c ~ ~ ~ ~ ~ ~ ~ X ~ ~ 
d ~ ~ ~ X X X ~ X ~ M 
e ~ ~ ~ ~ ~ ~ ~ ~ ~ M 
f ~ ~ X X X X M O ~ M 
g ~ ~ ~ ~ ~ ~ ~ O ~ M 
h ~ O O O O O ~ O ~ ~ 
i ~ ~ M ~ ~ ~ ~ ~ ~ ~ 
j ~ ~ ~ ~ ~ ~ ~ ~ ~ ~ 
Player 2, it's your turn: 
Take a shot!
> J2
You sank a ship! Specify a new target:
  1 2 3 4 5 6 7 8 9 10 
a X ~ ~ ~ ~ ~ ~ ~ ~ ~ 
b X ~ ~ ~ ~ ~ ~ ~ X ~ 
c X ~ ~ ~ ~ ~ ~ ~ X ~ 
d X ~ ~ ~ ~ ~ ~ ~ X ~ 
e ~ ~ ~ ~ ~ ~ ~ ~ ~ ~ 
f ~ ~ X X X X X ~ ~ ~ 
g ~ ~ ~ ~ ~ ~ ~ ~ ~ ~ 
h ~ ~ ~ ~ ~ ~ ~ ~ ~ ~ 
i ~ X ~ ~ ~ ~ ~ ~ ~ ~ 
j ~ X ~ ~ ~ ~ ~ ~ ~ ~ 
Press Enter and pass the move to another player

> 
  1 2 3 4 5 6 7 8 9 10 
a ~ ~ ~ ~ ~ ~ ~ ~ ~ ~ 
b ~ ~ ~ ~ ~ ~ ~ ~ ~ ~ 
c ~ ~ ~ ~ ~ ~ ~ X ~ ~ 
d ~ ~ ~ X X X ~ X ~ M 
e ~ ~ ~ ~ ~ ~ ~ ~ ~ M 
f ~ ~ X X X X M ~ ~ M 
g ~ ~ ~ ~ ~ ~ ~ ~ ~ M 
h ~ ~ ~ ~ ~ ~ ~ ~ ~ ~ 
i ~ ~ M ~ ~ ~ ~ ~ ~ ~ 
j ~ ~ ~ ~ ~ ~ ~ ~ ~ ~ 
---------------------
  1 2 3 4 5 6 7 8 9 10 
a X ~ ~ ~ ~ ~ ~ ~ ~ ~ 
b X ~ ~ ~ ~ ~ ~ ~ X ~ 
c X ~ ~ ~ ~ ~ ~ ~ X ~ 
d X ~ ~ ~ ~ ~ ~ ~ X ~ 
e ~ ~ ~ ~ ~ ~ ~ ~ ~ ~ 
f ~ ~ X X X X X ~ ~ ~ 
g ~ ~ ~ ~ ~ ~ ~ ~ ~ ~ 
h ~ ~ ~ ~ ~ ~ ~ ~ ~ ~ 
i ~ X ~ ~ ~ ~ ~ ~ ~ ~ 
j ~ X ~ ~ ~ ~ ~ O O O 
Player 1, it's your turn: 
Take a shot!
> J1
You missed!
  1 2 3 4 5 6 7 8 9 10 
a ~ ~ ~ ~ ~ ~ ~ ~ ~ ~ 
b ~ ~ ~ ~ ~ ~ ~ ~ ~ ~ 
c ~ ~ ~ ~ ~ ~ ~ X ~ ~ 
d ~ ~ ~ X X X ~ X ~ M 
e ~ ~ ~ ~ ~ ~ ~ ~ ~ M 
f ~ ~ X X X X M ~ ~ M 
g ~ ~ ~ ~ ~ ~ ~ ~ ~ M 
h ~ ~ ~ ~ ~ ~ ~ ~ ~ ~ 
i ~ ~ M ~ ~ ~ ~ ~ ~ ~ 
j M ~ ~ ~ ~ ~ ~ ~ ~ ~ 
Press Enter and pass the move to another player

> 
  1 2 3 4 5 6 7 8 9 10 
a X ~ ~ ~ ~ ~ ~ ~ ~ ~ 
b X ~ ~ ~ ~ ~ ~ ~ X ~ 
c X ~ ~ ~ ~ ~ ~ ~ X ~ 
d X ~ ~ ~ ~ ~ ~ ~ X ~ 
e ~ ~ ~ ~ ~ ~ ~ ~ ~ ~ 
f ~ ~ X X X X X ~ ~ ~ 
g ~ ~ ~ ~ ~ ~ ~ ~ ~ ~ 
h ~ ~ ~ ~ ~ ~ ~ ~ ~ ~ 
i ~ X ~ ~ ~ ~ ~ ~ ~ ~ 
j ~ X ~ ~ ~ ~ ~ ~ ~ ~ 
---------------------
  1 2 3 4 5 6 7 8 9 10 
a ~ ~ ~ ~ ~ ~ ~ ~ ~ ~ 
b ~ ~ ~ ~ ~ ~ ~ ~ ~ ~ 
c ~ ~ ~ ~ ~ ~ ~ X ~ ~ 
d ~ ~ ~ X X X ~ X ~ M 
e ~ ~ ~ ~ ~ ~ ~ ~ ~ M 
f ~ ~ X X X X M O ~ M 
g ~ ~ ~ ~ ~ ~ ~ O ~ M 
h ~ O O O O O ~ O ~ ~ 
i ~ ~ M ~ ~ ~ ~ ~ ~ ~ 
j M ~ ~ ~ ~ ~ ~ ~ ~ ~ 
Player 2, it's your turn: 
Take a shot!
> J8
You hit a ship!
  1 2 3 4 5 6 7 8 9 10 
a X ~ ~ ~ ~ ~ ~ ~ ~ ~ 
b X ~ ~ ~ ~ ~ ~ ~ X ~ 
c X ~ ~ ~ ~ ~ ~ ~ X ~ 
d X ~ ~ ~ ~ ~ ~ ~ X ~ 
e ~ ~ ~ ~ ~ ~ ~ ~ ~ ~ 
f ~ ~ X X X X X ~ ~ ~ 
g ~ ~ ~ ~ ~ ~ ~ ~ ~ ~ 
h ~ ~ ~ ~ ~ ~ ~ ~ ~ ~ 
i ~ X ~ ~ ~ ~ ~ ~ ~ ~ 
j ~ X ~ ~ ~ ~ ~ X ~ ~ 
Press Enter and pass the move to another player

> 
  1 2 3 4 5 6 7 8 9 10 
a ~ ~ ~ ~ ~ ~ ~ ~ ~ ~ 
b ~ ~ ~ ~ ~ ~ ~ ~ ~ ~ 
c ~ ~ ~ ~ ~ ~ ~ X ~ ~ 
d ~ ~ ~ X X X ~ X ~ M 
e ~ ~ ~ ~ ~ ~ ~ ~ ~ M 
f ~ ~ X X X X M ~ ~ M 
g ~ ~ ~ ~ ~ ~ ~ ~ ~ M 
h ~ ~ ~ ~ ~ ~ ~ ~ ~ ~ 
i ~ ~ M ~ ~ ~ ~ ~ ~ ~ 
j M ~ ~ ~ ~ ~ ~ ~ ~ ~ 
---------------------
  1 2 3 4 5 6 7 8 9 10 
a X ~ ~ ~ ~ ~ ~ ~ ~ ~ 
b X ~ ~ ~ ~ ~ ~ ~ X ~ 
c X ~ ~ ~ ~ ~ ~ ~ X ~ 
d X ~ ~ ~ ~ ~ ~ ~ X ~ 
e ~ ~ ~ ~ ~ ~ ~ ~ ~ ~ 
f ~ ~ X X X X X ~ ~ ~ 
g ~ ~ ~ ~ ~ ~ ~ ~ ~ ~ 
h ~ ~ ~ ~ ~ ~ ~ ~ ~ ~ 
i ~ X ~ ~ ~ ~ ~ ~ ~ ~ 
j ~ X ~ ~ ~ ~ ~ X O O 
Player 1, it's your turn: 
Take a shot!
> J2
You missed!
  1 2 3 4 5 6 7 8 9 10 
a ~ ~ ~ ~ ~ ~ ~ ~ ~ ~ 
b ~ ~ ~ ~ ~ ~ ~ ~ ~ ~ 
c ~ ~ ~ ~ ~ ~ ~ X ~ ~ 
d ~ ~ ~ X X X ~ X ~ M 
e ~ ~ ~ ~ ~ ~ ~ ~ ~ M 
f ~ ~ X X X X M ~ ~ M 
g ~ ~ ~ ~ ~ ~ ~ ~ ~ M 
h ~ ~ ~ ~ ~ ~ ~ ~ ~ ~ 
i ~ ~ M ~ ~ ~ ~ ~ ~ ~ 
j M M ~ ~ ~ ~ ~ ~ ~ ~ 
Press Enter and pass the move to another player

> 
  1 2 3 4 5 6 7 8 9 10 
a X ~ ~ ~ ~ ~ ~ ~ ~ ~ 
b X ~ ~ ~ ~ ~ ~ ~ X ~ 
c X ~ ~ ~ ~ ~ ~ ~ X ~ 
d X ~ ~ ~ ~ ~ ~ ~ X ~ 
e ~ ~ ~ ~ ~ ~ ~ ~ ~ ~ 
f ~ ~ X X X X X ~ ~ ~ 
g ~ ~ ~ ~ ~ ~ ~ ~ ~ ~ 
h ~ ~ ~ ~ ~ ~ ~ ~ ~ ~ 
i ~ X ~ ~ ~ ~ ~ ~ ~ ~ 
j ~ X ~ ~ ~ ~ ~ X ~ ~ 
---------------------
  1 2 3 4 5 6 7 8 9 10 
a ~ ~ ~ ~ ~ ~ ~ ~ ~ ~ 
b ~ ~ ~ ~ ~ ~ ~ ~ ~ ~ 
c ~ ~ ~ ~ ~ ~ ~ X ~ ~ 
d ~ ~ ~ X X X ~ X ~ M 
e ~ ~ ~ ~ ~ ~ ~ ~ ~ M 
f ~ ~ X X X X M O ~ M 
g ~ ~ ~ ~ ~ ~ ~ O ~ M 
h ~ O O O O O ~ O ~ ~ 
i ~ ~ M ~ ~ ~ ~ ~ ~ ~ 
j M M ~ ~ ~ ~ ~ ~ ~ ~ 
Player 2, it's your turn: 
Take a shot!
> J9
You hit a ship!
  1 2 3 4 5 6 7 8 9 10 
a X ~ ~ ~ ~ ~ ~ ~ ~ ~ 
b X ~ ~ ~ ~ ~ ~ ~ X ~ 
c X ~ ~ ~ ~ ~ ~ ~ X ~ 
d X ~ ~ ~ ~ ~ ~ ~ X ~ 
e ~ ~ ~ ~ ~ ~ ~ ~ ~ ~ 
f ~ ~ X X X X X ~ ~ ~ 
g ~ ~ ~ ~ ~ ~ ~ ~ ~ ~ 
h ~ ~ ~ ~ ~ ~ ~ ~ ~ ~ 
i ~ X ~ ~ ~ ~ ~ ~ ~ ~ 
j ~ X ~ ~ ~ ~ ~ X X ~ 
Press Enter and pass the move to another player

> 
  1 2 3 4 5 6 7 8 9 10 
a ~ ~ ~ ~ ~ ~ ~ ~ ~ ~ 
b ~ ~ ~ ~ ~ ~ ~ ~ ~ ~ 
c ~ ~ ~ ~ ~ ~ ~ X ~ ~ 
d ~ ~ ~ X X X ~ X ~ M 
e ~ ~ ~ ~ ~ ~ ~ ~ ~ M 
f ~ ~ X X X X M ~ ~ M 
g ~ ~ ~ ~ ~ ~ ~ ~ ~ M 
h ~ ~ ~ ~ ~ ~ ~ ~ ~ ~ 
i ~ ~ M ~ ~ ~ ~ ~ ~ ~ 
j M M ~ ~ ~ ~ ~ ~ ~ ~ 
---------------------
  1 2 3 4 5 6 7 8 9 10 
a X ~ ~ ~ ~ ~ ~ ~ ~ ~ 
b X ~ ~ ~ ~ ~ ~ ~ X ~ 
c X ~ ~ ~ ~ ~ ~ ~ X ~ 
d X ~ ~ ~ ~ ~ ~ ~ X ~ 
e ~ ~ ~ ~ ~ ~ ~ ~ ~ ~ 
f ~ ~ X X X X X ~ ~ ~ 
g ~ ~ ~ ~ ~ ~ ~ ~ ~ ~ 
h ~ ~ ~ ~ ~ ~ ~ ~ ~ ~ 
i ~ X ~ ~ ~ ~ ~ ~ ~ ~ 
j ~ X ~ ~ ~ ~ ~ X X O 
Player 1, it's your turn: 
Take a shot!
> J3
You missed!
  1 2 3 4 5 6 7 8 9 10 
a ~ ~ ~ ~ ~ ~ ~ ~ ~ ~ 
b ~ ~ ~ ~ ~ ~ ~ ~ ~ ~ 
c ~ ~ ~ ~ ~ ~ ~ X ~ ~ 
d ~ ~ ~ X X X ~ X ~ M 
e ~ ~ ~ ~ ~ ~ ~ ~ ~ M 
f ~ ~ X X X X M ~ ~ M 
g ~ ~ ~ ~ ~ ~ ~ ~ ~ M 
h ~ ~ ~ ~ ~ ~ ~ ~ ~ ~ 
i ~ ~ M ~ ~ ~ ~ ~ ~ ~ 
j M M M ~ ~ ~ ~ ~ ~ ~ 
Press Enter and pass the move to another player

> 
  1 2 3 4 5 6 7 8 9 10 
a X ~ ~ ~ ~ ~ ~ ~ ~ ~ 
b X ~ ~ ~ ~ ~ ~ ~ X ~ 
c X ~ ~ ~ ~ ~ ~ ~ X ~ 
d X ~ ~ ~ ~ ~ ~ ~ X ~ 
e ~ ~ ~ ~ ~ ~ ~ ~ ~ ~ 
f ~ ~ X X X X X ~ ~ ~ 
g ~ ~ ~ ~ ~ ~ ~ ~ ~ ~ 
h ~ ~ ~ ~ ~ ~ ~ ~ ~ ~ 
i ~ X ~ ~ ~ ~ ~ ~ ~ ~ 
j ~ X ~ ~ ~ ~ ~ X X ~ 
---------------------
  1 2 3 4 5 6 7 8 9 10 
a ~ ~ ~ ~ ~ ~ ~ ~ ~ ~ 
b ~ ~ ~ ~ ~ ~ ~ ~ ~ ~ 
c ~ ~ ~ ~ ~ ~ ~ X ~ ~ 
d ~ ~ ~ X X X ~ X ~ M 
e ~ ~ ~ ~ ~ ~ ~ ~ ~ M 
f ~ ~ X X X X M O ~ M 
g ~ ~ ~ ~ ~ ~ ~ O ~ M 
h ~ O O O O O ~ O ~ ~ 
i ~ ~ M ~ ~ ~ ~ ~ ~ ~ 
j M M M ~ ~ ~ ~ ~ ~ ~ 
Player 2, it's your turn: 
Take a shot!
> J10
You sank a ship! Specify a new target:
  1 2 3 4 5 6 7 8 9 10 
a X ~ ~ ~ ~ ~ ~ ~ ~ ~ 
b X ~ ~ ~ ~ ~ ~ ~ X ~ 
c X ~ ~ ~ ~ ~ ~ ~ X ~ 
d X ~ ~ ~ ~ ~ ~ ~ X ~ 
e ~ ~ ~ ~ ~ ~ ~ ~ ~ ~ 
f ~ ~ X X X X X ~ ~ ~ 
g ~ ~ ~ ~ ~ ~ ~ ~ ~ ~ 
h ~ ~ ~ ~ ~ ~ ~ ~ ~ ~ 
i ~ X ~ ~ ~ ~ ~ ~ ~ ~ 
j ~ X ~ ~ ~ ~ ~ X X X 
You sank the last ship. You won. Congratulations!
]]></system-out>
  <system-err><![CDATA[]]></system-err>
</testsuite>
